2026-06-30 17:31:02,841 [INFO] === INICIANDO PIPELINE ETL ===
2026-06-30 17:31:02,841 [INFO] Arquivo RAW encontrado. Pulando scraping...
2026-06-30 17:31:03,269 [INFO] Transformando dados...
2026-06-30 17:31:03,608 [INFO] Tratamento concluído: 20000 peças únicas
2026-06-30 17:31:03,608 [INFO] Salvando CSV tratado...
2026-06-30 17:31:03,869 [INFO] Realizando ingestão no SQLite...
2026-06-30 17:31:03,894 [ERROR] Erro inesperado durante a ingestão.
Traceback (most recent call last):
  File "/home/eduardo/Documentos/desafio-hubbi/venv/lib/python3.12/site-packages/pandas/core/indexes/base.py", line 3641, in get_loc
    return self._engine.get_loc(casted_key)
           ^^^^^^^^^^^^^^^^^^^^^^^^^^^^^^^^
  File "pandas/_libs/index.pyx", line 168, in pandas._libs.index.IndexEngine.get_loc
  File "pandas/_libs/index.pyx", line 197, in pandas._libs.index.IndexEngine.get_loc
  File "pandas/_libs/hashtable_class_helper.pxi", line 7668, in pandas._libs.hashtable.PyObjectHashTable.get_item
  File "pandas/_libs/hashtable_class_helper.pxi", line 7676, in pandas._libs.hashtable.PyObjectHashTable.get_item
KeyError: 'PART_NUMBER'

The above exception was the direct cause of the following exception:

Traceback (most recent call last):
  File "/home/eduardo/Documentos/desafio-hubbi/database/ingest.py", line 37, in ingest
    part_number = row["PART_NUMBER"]
                  ~~~^^^^^^^^^^^^^^^
  File "/home/eduardo/Documentos/desafio-hubbi/venv/lib/python3.12/site-packages/pandas/core/series.py", line 959, in __getitem__
    return self._get_value(key)
           ^^^^^^^^^^^^^^^^^^^^
  File "/home/eduardo/Documentos/desafio-hubbi/venv/lib/python3.12/site-packages/pandas/core/series.py", line 1046, in _get_value
    loc = self.index.get_loc(label)
          ^^^^^^^^^^^^^^^^^^^^^^^^^
  File "/home/eduardo/Documentos/desafio-hubbi/venv/lib/python3.12/site-packages/pandas/core/indexes/base.py", line 3648, in get_loc
    raise KeyError(key) from err
KeyError: 'PART_NUMBER'
2026-06-30 17:34:15,551 [INFO] === INICIANDO PIPELINE ETL ===
2026-06-30 17:34:15,552 [INFO] Arquivo RAW não encontrado. Iniciando scraping...
2026-06-30 17:34:17,763 [INFO] Página 1 → 24 peças | Total acumulado: 24 | Restantes: 833
2026-06-30 17:34:18,470 [INFO] Página 9 → 24 peças | Total acumulado: 48 | Restantes: 832
2026-06-30 17:34:18,673 [INFO] Página 4 → 24 peças | Total acumulado: 72 | Restantes: 831
2026-06-30 17:34:18,983 [INFO] Página 7 → 24 peças | Total acumulado: 96 | Restantes: 830
2026-06-30 17:34:19,296 [INFO] Página 5 → 24 peças | Total acumulado: 120 | Restantes: 829
2026-06-30 17:34:19,565 [INFO] Página 6 → 24 peças | Total acumulado: 144 | Restantes: 828
2026-06-30 17:34:19,868 [INFO] Página 10 → 24 peças | Total acumulado: 168 | Restantes: 827
2026-06-30 17:34:20,221 [INFO] Página 3 → 24 peças | Total acumulado: 192 | Restantes: 826
2026-06-30 17:34:20,570 [INFO] Página 2 → 24 peças | Total acumulado: 216 | Restantes: 825
2026-06-30 17:34:20,821 [INFO] Página 11 → 24 peças | Total acumulado: 240 | Restantes: 824
2026-06-30 17:34:21,092 [INFO] Página 8 → 24 peças | Total acumulado: 264 | Restantes: 823
2026-06-30 17:34:21,340 [INFO] Página 12 → 24 peças | Total acumulado: 288 | Restantes: 822
2026-06-30 17:34:21,557 [INFO] Página 13 → 24 peças | Total acumulado: 312 | Restantes: 821
2026-06-30 17:34:21,867 [INFO] Página 14 → 24 peças | Total acumulado: 336 | Restantes: 820
2026-06-30 17:34:22,111 [INFO] Página 15 → 24 peças | Total acumulado: 360 | Restantes: 819
2026-06-30 17:34:22,378 [INFO] Página 16 → 24 peças | Total acumulado: 384 | Restantes: 818
2026-06-30 17:34:22,684 [INFO] Página 17 → 24 peças | Total acumulado: 408 | Restantes: 817
2026-06-30 17:34:22,983 [INFO] Página 18 → 24 peças | Total acumulado: 432 | Restantes: 816
2026-06-30 17:34:23,285 [INFO] Página 19 → 24 peças | Total acumulado: 456 | Restantes: 815
2026-06-30 17:34:23,545 [INFO] Página 20 → 24 peças | Total acumulado: 480 | Restantes: 814
2026-06-30 17:34:23,790 [INFO] Página 21 → 24 peças | Total acumulado: 504 | Restantes: 813
2026-06-30 17:34:23,981 [INFO] Página 22 → 24 peças | Total acumulado: 528 | Restantes: 812
2026-06-30 17:34:24,184 [INFO] Página 23 → 24 peças | Total acumulado: 552 | Restantes: 811
2026-06-30 17:34:24,491 [INFO] Página 24 → 24 peças | Total acumulado: 576 | Restantes: 810
2026-06-30 17:34:24,718 [INFO] Página 25 → 24 peças | Total acumulado: 600 | Restantes: 809
2026-06-30 17:34:24,968 [INFO] Página 26 → 24 peças | Total acumulado: 624 | Restantes: 808
2026-06-30 17:34:25,241 [INFO] Página 27 → 24 peças | Total acumulado: 648 | Restantes: 807
2026-06-30 17:34:25,534 [INFO] Página 28 → 24 peças | Total acumulado: 672 | Restantes: 806
2026-06-30 17:34:25,784 [INFO] Página 29 → 24 peças | Total acumulado: 696 | Restantes: 805
2026-06-30 17:34:26,031 [INFO] Página 30 → 24 peças | Total acumulado: 720 | Restantes: 804
2026-06-30 17:34:26,367 [INFO] Página 31 → 24 peças | Total acumulado: 744 | Restantes: 803
2026-06-30 17:34:26,560 [INFO] Página 32 → 24 peças | Total acumulado: 768 | Restantes: 802
2026-06-30 17:34:26,759 [INFO] Página 33 → 24 peças | Total acumulado: 792 | Restantes: 801
2026-06-30 17:34:27,132 [INFO] Página 34 → 24 peças | Total acumulado: 816 | Restantes: 800
2026-06-30 17:34:27,463 [INFO] Página 35 → 24 peças | Total acumulado: 840 | Restantes: 799
2026-06-30 17:34:27,757 [INFO] Página 36 → 24 peças | Total acumulado: 864 | Restantes: 798
2026-06-30 17:34:28,080 [INFO] Página 37 → 24 peças | Total acumulado: 888 | Restantes: 797
2026-06-30 17:34:28,322 [INFO] Página 38 → 24 peças | Total acumulado: 912 | Restantes: 796
2026-06-30 17:34:28,643 [INFO] Página 39 → 24 peças | Total acumulado: 936 | Restantes: 795
2026-06-30 17:34:28,920 [INFO] Página 40 → 24 peças | Total acumulado: 960 | Restantes: 794
2026-06-30 17:34:29,173 [INFO] Página 41 → 24 peças | Total acumulado: 984 | Restantes: 793
2026-06-30 17:34:29,357 [INFO] Página 42 → 24 peças | Total acumulado: 1008 | Restantes: 792
2026-06-30 17:34:29,551 [INFO] Página 43 → 24 peças | Total acumulado: 1032 | Restantes: 791
2026-06-30 17:34:29,924 [INFO] Página 44 → 24 peças | Total acumulado: 1056 | Restantes: 790
2026-06-30 17:34:30,172 [INFO] Página 45 → 24 peças | Total acumulado: 1080 | Restantes: 789
2026-06-30 17:34:30,389 [INFO] Página 46 → 24 peças | Total acumulado: 1104 | Restantes: 788
2026-06-30 17:34:30,683 [INFO] Página 47 → 24 peças | Total acumulado: 1128 | Restantes: 787
2026-06-30 17:34:30,984 [INFO] Página 48 → 24 peças | Total acumulado: 1152 | Restantes: 786
2026-06-30 17:34:31,374 [INFO] Página 49 → 24 peças | Total acumulado: 1176 | Restantes: 785
2026-06-30 17:34:31,871 [INFO] Página 50 → 24 peças | Total acumulado: 1200 | Restantes: 784
2026-06-30 17:34:32,229 [INFO] Página 51 → 24 peças | Total acumulado: 1224 | Restantes: 783
2026-06-30 17:34:32,469 [INFO] Página 52 → 24 peças | Total acumulado: 1248 | Restantes: 782
2026-06-30 17:34:32,666 [INFO] Página 53 → 24 peças | Total acumulado: 1272 | Restantes: 781
2026-06-30 17:34:33,050 [INFO] Página 54 → 24 peças | Total acumulado: 1296 | Restantes: 780
2026-06-30 17:34:33,312 [INFO] Página 55 → 24 peças | Total acumulado: 1320 | Restantes: 779
2026-06-30 17:34:33,570 [INFO] Página 56 → 24 peças | Total acumulado: 1344 | Restantes: 778
2026-06-30 17:34:33,864 [INFO] Página 57 → 24 peças | Total acumulado: 1368 | Restantes: 777
2026-06-30 17:34:34,122 [INFO] Página 58 → 24 peças | Total acumulado: 1392 | Restantes: 776
2026-06-30 17:34:34,428 [INFO] Página 59 → 24 peças | Total acumulado: 1416 | Restantes: 775
2026-06-30 17:34:34,720 [INFO] Página 60 → 24 peças | Total acumulado: 1440 | Restantes: 774
2026-06-30 17:34:34,989 [INFO] Página 61 → 24 peças | Total acumulado: 1464 | Restantes: 773
2026-06-30 17:34:35,220 [INFO] Página 62 → 24 peças | Total acumulado: 1488 | Restantes: 772
2026-06-30 17:34:35,435 [INFO] Página 63 → 24 peças | Total acumulado: 1512 | Restantes: 771
2026-06-30 17:34:35,745 [INFO] Página 64 → 24 peças | Total acumulado: 1536 | Restantes: 770
2026-06-30 17:34:36,005 [INFO] Página 65 → 24 peças | Total acumulado: 1560 | Restantes: 769
2026-06-30 17:34:36,214 [INFO] Página 66 → 24 peças | Total acumulado: 1584 | Restantes: 768
2026-06-30 17:34:36,599 [INFO] Página 67 → 24 peças | Total acumulado: 1608 | Restantes: 767
2026-06-30 17:34:36,916 [INFO] Página 68 → 24 peças | Total acumulado: 1632 | Restantes: 766
2026-06-30 17:34:37,298 [INFO] Página 69 → 24 peças | Total acumulado: 1656 | Restantes: 765
2026-06-30 17:34:37,594 [INFO] Página 70 → 24 peças | Total acumulado: 1680 | Restantes: 764
2026-06-30 17:34:37,893 [INFO] Página 71 → 24 peças | Total acumulado: 1704 | Restantes: 763
2026-06-30 17:34:38,118 [INFO] Página 72 → 24 peças | Total acumulado: 1728 | Restantes: 762
2026-06-30 17:34:38,336 [INFO] Página 73 → 24 peças | Total acumulado: 1752 | Restantes: 761
2026-06-30 17:34:38,645 [INFO] Página 74 → 24 peças | Total acumulado: 1776 | Restantes: 760
2026-06-30 17:34:38,875 [INFO] Página 75 → 24 peças | Total acumulado: 1800 | Restantes: 759
2026-06-30 17:34:39,072 [INFO] Página 76 → 24 peças | Total acumulado: 1824 | Restantes: 758
2026-06-30 17:34:39,354 [INFO] Página 77 → 24 peças | Total acumulado: 1848 | Restantes: 757
2026-06-30 17:34:39,609 [INFO] Página 78 → 24 peças | Total acumulado: 1872 | Restantes: 756
2026-06-30 17:34:39,925 [INFO] Página 79 → 24 peças | Total acumulado: 1896 | Restantes: 755
2026-06-30 17:34:40,183 [INFO] Página 80 → 24 peças | Total acumulado: 1920 | Restantes: 754
2026-06-30 17:34:40,505 [INFO] Página 81 → 24 peças | Total acumulado: 1944 | Restantes: 753
2026-06-30 17:34:40,842 [INFO] Página 82 → 24 peças | Total acumulado: 1968 | Restantes: 752
2026-06-30 17:34:41,055 [INFO] Página 83 → 24 peças | Total acumulado: 1992 | Restantes: 751
2026-06-30 17:34:41,415 [INFO] Página 84 → 24 peças | Total acumulado: 2016 | Restantes: 750
2026-06-30 17:34:41,810 [INFO] Página 85 → 24 peças | Total acumulado: 2040 | Restantes: 749
2026-06-30 17:34:42,027 [INFO] Página 86 → 24 peças | Total acumulado: 2064 | Restantes: 748
2026-06-30 17:34:42,331 [INFO] Página 87 → 24 peças | Total acumulado: 2088 | Restantes: 747
2026-06-30 17:34:42,608 [INFO] Página 88 → 24 peças | Total acumulado: 2112 | Restantes: 746
2026-06-30 17:34:42,878 [INFO] Página 89 → 24 peças | Total acumulado: 2136 | Restantes: 745
2026-06-30 17:34:43,142 [INFO] Página 90 → 24 peças | Total acumulado: 2160 | Restantes: 744
2026-06-30 17:34:43,389 [INFO] Página 91 → 24 peças | Total acumulado: 2184 | Restantes: 743
2026-06-30 17:34:43,648 [INFO] Página 92 → 24 peças | Total acumulado: 2208 | Restantes: 742
2026-06-30 17:34:43,903 [INFO] Página 93 → 24 peças | Total acumulado: 2232 | Restantes: 741
2026-06-30 17:34:44,201 [INFO] Página 94 → 24 peças | Total acumulado: 2256 | Restantes: 740
2026-06-30 17:34:44,498 [INFO] Página 95 → 24 peças | Total acumulado: 2280 | Restantes: 739
2026-06-30 17:34:44,714 [INFO] Página 96 → 24 peças | Total acumulado: 2304 | Restantes: 738
2026-06-30 17:34:44,988 [INFO] Página 97 → 24 peças | Total acumulado: 2328 | Restantes: 737
2026-06-30 17:34:45,273 [INFO] Página 98 → 24 peças | Total acumulado: 2352 | Restantes: 736
2026-06-30 17:34:45,574 [INFO] Página 99 → 24 peças | Total acumulado: 2376 | Restantes: 735
2026-06-30 17:34:45,829 [INFO] Página 100 → 24 peças | Total acumulado: 2400 | Restantes: 734
2026-06-30 17:34:46,099 [INFO] Página 101 → 24 peças | Total acumulado: 2424 | Restantes: 733
2026-06-30 17:34:46,283 [INFO] Página 102 → 24 peças | Total acumulado: 2448 | Restantes: 732
2026-06-30 17:34:46,577 [INFO] Página 103 → 24 peças | Total acumulado: 2472 | Restantes: 731
2026-06-30 17:34:47,064 [INFO] Página 104 → 24 peças | Total acumulado: 2496 | Restantes: 730
2026-06-30 17:34:47,417 [INFO] Página 105 → 24 peças | Total acumulado: 2520 | Restantes: 729
2026-06-30 17:34:47,639 [INFO] Página 106 → 24 peças | Total acumulado: 2544 | Restantes: 728
2026-06-30 17:34:47,945 [INFO] Página 107 → 24 peças | Total acumulado: 2568 | Restantes: 727
2026-06-30 17:34:48,178 [INFO] Página 108 → 24 peças | Total acumulado: 2592 | Restantes: 726
2026-06-30 17:34:48,467 [INFO] Página 109 → 24 peças | Total acumulado: 2616 | Restantes: 725
2026-06-30 17:34:48,768 [INFO] Página 110 → 24 peças | Total acumulado: 2640 | Restantes: 724
2026-06-30 17:34:49,018 [INFO] Página 111 → 24 peças | Total acumulado: 2664 | Restantes: 723
2026-06-30 17:34:49,232 [INFO] Página 112 → 24 peças | Total acumulado: 2688 | Restantes: 722
2026-06-30 17:34:49,461 [INFO] Página 113 → 24 peças | Total acumulado: 2712 | Restantes: 721
2026-06-30 17:34:49,770 [INFO] Página 114 → 24 peças | Total acumulado: 2736 | Restantes: 720
2026-06-30 17:34:50,028 [INFO] Página 115 → 24 peças | Total acumulado: 2760 | Restantes: 719
2026-06-30 17:34:50,210 [INFO] Página 116 → 24 peças | Total acumulado: 2784 | Restantes: 718
2026-06-30 17:34:50,600 [INFO] Página 117 → 24 peças | Total acumulado: 2808 | Restantes: 717
2026-06-30 17:34:50,863 [INFO] Página 118 → 24 peças | Total acumulado: 2832 | Restantes: 716
2026-06-30 17:34:51,187 [INFO] Página 119 → 24 peças | Total acumulado: 2856 | Restantes: 715
2026-06-30 17:34:51,436 [INFO] Página 120 → 24 peças | Total acumulado: 2880 | Restantes: 714
2026-06-30 17:34:51,670 [INFO] Página 121 → 24 peças | Total acumulado: 2904 | Restantes: 713
2026-06-30 17:34:51,947 [INFO] Página 122 → 24 peças | Total acumulado: 2928 | Restantes: 712
2026-06-30 17:34:52,191 [INFO] Página 123 → 24 peças | Total acumulado: 2952 | Restantes: 711
2026-06-30 17:34:52,520 [INFO] Página 124 → 24 peças | Total acumulado: 2976 | Restantes: 710
2026-06-30 17:34:52,764 [INFO] Página 125 → 24 peças | Total acumulado: 3000 | Restantes: 709
2026-06-30 17:34:52,973 [INFO] Página 126 → 24 peças | Total acumulado: 3024 | Restantes: 708
2026-06-30 17:34:53,257 [INFO] Página 127 → 24 peças | Total acumulado: 3048 | Restantes: 707
2026-06-30 17:34:53,477 [INFO] Página 128 → 24 peças | Total acumulado: 3072 | Restantes: 706
2026-06-30 17:34:53,755 [INFO] Página 129 → 24 peças | Total acumulado: 3096 | Restantes: 705
2026-06-30 17:34:53,986 [INFO] Página 130 → 24 peças | Total acumulado: 3120 | Restantes: 704
2026-06-30 17:34:54,193 [INFO] Página 131 → 24 peças | Total acumulado: 3144 | Restantes: 703
2026-06-30 17:34:54,339 [INFO] Página 132 → 24 peças | Total acumulado: 3168 | Restantes: 702
2026-06-30 17:34:54,495 [INFO] Página 133 → 24 peças | Total acumulado: 3192 | Restantes: 701
2026-06-30 17:34:54,753 [INFO] Página 134 → 24 peças | Total acumulado: 3216 | Restantes: 700
2026-06-30 17:34:55,003 [INFO] Página 135 → 24 peças | Total acumulado: 3240 | Restantes: 699
2026-06-30 17:34:55,190 [INFO] Página 136 → 24 peças | Total acumulado: 3264 | Restantes: 698
2026-06-30 17:34:55,444 [INFO] Página 137 → 24 peças | Total acumulado: 3288 | Restantes: 697
2026-06-30 17:34:55,701 [INFO] Página 138 → 24 peças | Total acumulado: 3312 | Restantes: 696
2026-06-30 17:34:55,953 [INFO] Página 139 → 24 peças | Total acumulado: 3336 | Restantes: 695
2026-06-30 17:34:56,202 [INFO] Página 140 → 24 peças | Total acumulado: 3360 | Restantes: 694
2026-06-30 17:34:56,429 [INFO] Página 141 → 24 peças | Total acumulado: 3384 | Restantes: 693
2026-06-30 17:34:56,611 [INFO] Página 142 → 24 peças | Total acumulado: 3408 | Restantes: 692
2026-06-30 17:34:56,878 [INFO] Página 143 → 24 peças | Total acumulado: 3432 | Restantes: 691
2026-06-30 17:34:57,205 [INFO] Página 144 → 24 peças | Total acumulado: 3456 | Restantes: 690
2026-06-30 17:34:57,436 [INFO] Página 145 → 24 peças | Total acumulado: 3480 | Restantes: 689
2026-06-30 17:34:57,622 [INFO] Página 146 → 24 peças | Total acumulado: 3504 | Restantes: 688
2026-06-30 17:34:57,919 [INFO] Página 147 → 24 peças | Total acumulado: 3528 | Restantes: 687
2026-06-30 17:34:58,168 [INFO] Página 148 → 24 peças | Total acumulado: 3552 | Restantes: 686
2026-06-30 17:34:58,451 [INFO] Página 149 → 24 peças | Total acumulado: 3576 | Restantes: 685
2026-06-30 17:34:58,716 [INFO] Página 150 → 24 peças | Total acumulado: 3600 | Restantes: 684
2026-06-30 17:34:58,949 [INFO] Página 151 → 24 peças | Total acumulado: 3624 | Restantes: 683
2026-06-30 17:34:59,141 [INFO] Página 152 → 24 peças | Total acumulado: 3648 | Restantes: 682
2026-06-30 17:34:59,339 [INFO] Página 153 → 24 peças | Total acumulado: 3672 | Restantes: 681
2026-06-30 17:34:59,625 [INFO] Página 154 → 24 peças | Total acumulado: 3696 | Restantes: 680
2026-06-30 17:34:59,857 [INFO] Página 155 → 24 peças | Total acumulado: 3720 | Restantes: 679
2026-06-30 17:35:00,052 [INFO] Página 156 → 24 peças | Total acumulado: 3744 | Restantes: 678
2026-06-30 17:35:00,400 [INFO] Página 157 → 24 peças | Total acumulado: 3768 | Restantes: 677
2026-06-30 17:35:00,743 [INFO] Página 158 → 24 peças | Total acumulado: 3792 | Restantes: 676
2026-06-30 17:35:01,150 [INFO] Página 159 → 24 peças | Total acumulado: 3816 | Restantes: 675
2026-06-30 17:35:01,503 [INFO] Página 160 → 24 peças | Total acumulado: 3840 | Restantes: 674
2026-06-30 17:35:01,842 [INFO] Página 161 → 24 peças | Total acumulado: 3864 | Restantes: 673
2026-06-30 17:35:02,428 [INFO] Página 162 → 24 peças | Total acumulado: 3888 | Restantes: 672
2026-06-30 17:35:03,423 [INFO] Página 163 → 24 peças | Total acumulado: 3912 | Restantes: 671
2026-06-30 17:35:03,760 [INFO] Página 165 → 24 peças | Total acumulado: 3936 | Restantes: 670
2026-06-30 17:35:03,761 [INFO] Página 164 → 24 peças | Total acumulado: 3960 | Restantes: 669
2026-06-30 17:35:04,082 [INFO] Página 166 → 24 peças | Total acumulado: 3984 | Restantes: 668
2026-06-30 17:35:04,454 [INFO] Página 167 → 24 peças | Total acumulado: 4008 | Restantes: 667
2026-06-30 17:35:04,811 [INFO] Página 168 → 24 peças | Total acumulado: 4032 | Restantes: 666
2026-06-30 17:35:05,869 [INFO] Página 169 → 24 peças | Total acumulado: 4056 | Restantes: 665
2026-06-30 17:35:05,873 [INFO] Página 170 → 24 peças | Total acumulado: 4080 | Restantes: 664
2026-06-30 17:35:05,903 [INFO] Página 171 → 24 peças | Total acumulado: 4104 | Restantes: 663
2026-06-30 17:35:06,305 [INFO] Página 172 → 24 peças | Total acumulado: 4128 | Restantes: 662
2026-06-30 17:35:06,721 [INFO] Página 173 → 24 peças | Total acumulado: 4152 | Restantes: 661
2026-06-30 17:35:07,104 [INFO] Página 174 → 24 peças | Total acumulado: 4176 | Restantes: 660
2026-06-30 17:35:07,617 [INFO] Página 175 → 24 peças | Total acumulado: 4200 | Restantes: 659
2026-06-30 17:35:08,091 [INFO] Página 176 → 24 peças | Total acumulado: 4224 | Restantes: 658
2026-06-30 17:35:08,630 [INFO] Página 177 → 24 peças | Total acumulado: 4248 | Restantes: 657
2026-06-30 17:35:08,820 [INFO] Página 178 → 24 peças | Total acumulado: 4272 | Restantes: 656
2026-06-30 17:35:09,306 [INFO] Página 179 → 24 peças | Total acumulado: 4296 | Restantes: 655
2026-06-30 17:35:09,652 [INFO] Página 181 → 24 peças | Total acumulado: 4320 | Restantes: 654
2026-06-30 17:35:10,004 [INFO] Página 180 → 24 peças | Total acumulado: 4344 | Restantes: 653
2026-06-30 17:35:10,007 [INFO] Página 182 → 24 peças | Total acumulado: 4368 | Restantes: 652
2026-06-30 17:35:10,337 [INFO] Página 183 → 24 peças | Total acumulado: 4392 | Restantes: 651
2026-06-30 17:35:10,682 [INFO] Página 184 → 24 peças | Total acumulado: 4416 | Restantes: 650
2026-06-30 17:35:10,882 [INFO] Página 185 → 24 peças | Total acumulado: 4440 | Restantes: 649
2026-06-30 17:35:11,184 [INFO] Página 186 → 24 peças | Total acumulado: 4464 | Restantes: 648
2026-06-30 17:35:11,722 [INFO] Página 187 → 24 peças | Total acumulado: 4488 | Restantes: 647
2026-06-30 17:35:11,907 [INFO] Página 188 → 24 peças | Total acumulado: 4512 | Restantes: 646
2026-06-30 17:35:12,086 [INFO] Página 189 → 24 peças | Total acumulado: 4536 | Restantes: 645
2026-06-30 17:35:12,478 [INFO] Página 190 → 24 peças | Total acumulado: 4560 | Restantes: 644
2026-06-30 17:35:12,681 [INFO] Página 192 → 24 peças | Total acumulado: 4584 | Restantes: 643
2026-06-30 17:35:12,991 [INFO] Página 191 → 24 peças | Total acumulado: 4608 | Restantes: 642
2026-06-30 17:35:13,169 [INFO] Página 193 → 24 peças | Total acumulado: 4632 | Restantes: 641
2026-06-30 17:35:13,463 [INFO] Página 194 → 24 peças | Total acumulado: 4656 | Restantes: 640
2026-06-30 17:35:13,839 [INFO] Página 195 → 24 peças | Total acumulado: 4680 | Restantes: 639
2026-06-30 17:35:14,000 [INFO] Página 196 → 24 peças | Total acumulado: 4704 | Restantes: 638
2026-06-30 17:35:14,301 [INFO] Página 197 → 24 peças | Total acumulado: 4728 | Restantes: 637
2026-06-30 17:35:14,582 [INFO] Página 198 → 24 peças | Total acumulado: 4752 | Restantes: 636
2026-06-30 17:35:14,954 [INFO] Página 199 → 24 peças | Total acumulado: 4776 | Restantes: 635
2026-06-30 17:35:15,208 [INFO] Página 200 → 24 peças | Total acumulado: 4800 | Restantes: 634
2026-06-30 17:35:15,428 [INFO] Página 201 → 24 peças | Total acumulado: 4824 | Restantes: 633
2026-06-30 17:35:15,758 [INFO] Página 202 → 24 peças | Total acumulado: 4848 | Restantes: 632
2026-06-30 17:35:15,906 [INFO] Página 203 → 24 peças | Total acumulado: 4872 | Restantes: 631
2026-06-30 17:35:16,204 [INFO] Página 204 → 24 peças | Total acumulado: 4896 | Restantes: 630
2026-06-30 17:35:16,474 [INFO] Página 205 → 24 peças | Total acumulado: 4920 | Restantes: 629
2026-06-30 17:35:16,694 [INFO] Página 206 → 24 peças | Total acumulado: 4944 | Restantes: 628
2026-06-30 17:35:16,992 [INFO] Página 207 → 24 peças | Total acumulado: 4968 | Restantes: 627
2026-06-30 17:35:17,230 [INFO] Página 208 → 24 peças | Total acumulado: 4992 | Restantes: 626
2026-06-30 17:35:17,662 [INFO] Página 209 → 24 peças | Total acumulado: 5016 | Restantes: 625
2026-06-30 17:35:17,962 [INFO] Página 210 → 24 peças | Total acumulado: 5040 | Restantes: 624
2026-06-30 17:35:18,182 [INFO] Página 211 → 24 peças | Total acumulado: 5064 | Restantes: 623
2026-06-30 17:35:18,511 [INFO] Página 212 → 24 peças | Total acumulado: 5088 | Restantes: 622
2026-06-30 17:35:18,646 [INFO] Página 213 → 24 peças | Total acumulado: 5112 | Restantes: 621
2026-06-30 17:35:18,953 [INFO] Página 214 → 24 peças | Total acumulado: 5136 | Restantes: 620
2026-06-30 17:35:19,203 [INFO] Página 215 → 24 peças | Total acumulado: 5160 | Restantes: 619
2026-06-30 17:35:19,404 [INFO] Página 216 → 24 peças | Total acumulado: 5184 | Restantes: 618
2026-06-30 17:35:19,715 [INFO] Página 217 → 24 peças | Total acumulado: 5208 | Restantes: 617
2026-06-30 17:35:19,993 [INFO] Página 218 → 24 peças | Total acumulado: 5232 | Restantes: 616
2026-06-30 17:35:20,304 [INFO] Página 219 → 24 peças | Total acumulado: 5256 | Restantes: 615
2026-06-30 17:35:20,564 [INFO] Página 220 → 24 peças | Total acumulado: 5280 | Restantes: 614
2026-06-30 17:35:20,783 [INFO] Página 221 → 24 peças | Total acumulado: 5304 | Restantes: 613
2026-06-30 17:35:21,085 [INFO] Página 222 → 24 peças | Total acumulado: 5328 | Restantes: 612
2026-06-30 17:35:21,217 [INFO] Página 223 → 24 peças | Total acumulado: 5352 | Restantes: 611
2026-06-30 17:35:21,504 [INFO] Página 224 → 24 peças | Total acumulado: 5376 | Restantes: 610
2026-06-30 17:35:21,746 [INFO] Página 225 → 24 peças | Total acumulado: 5400 | Restantes: 609
2026-06-30 17:35:21,960 [INFO] Página 226 → 24 peças | Total acumulado: 5424 | Restantes: 608
2026-06-30 17:35:22,250 [INFO] Página 227 → 24 peças | Total acumulado: 5448 | Restantes: 607
2026-06-30 17:35:22,591 [INFO] Página 228 → 24 peças | Total acumulado: 5472 | Restantes: 606
2026-06-30 17:35:22,843 [INFO] Página 229 → 24 peças | Total acumulado: 5496 | Restantes: 605
2026-06-30 17:35:23,080 [INFO] Página 230 → 24 peças | Total acumulado: 5520 | Restantes: 604
2026-06-30 17:35:23,271 [INFO] Página 231 → 24 peças | Total acumulado: 5544 | Restantes: 603
2026-06-30 17:35:23,601 [INFO] Página 232 → 24 peças | Total acumulado: 5568 | Restantes: 602
2026-06-30 17:35:23,736 [INFO] Página 233 → 24 peças | Total acumulado: 5592 | Restantes: 601
2026-06-30 17:35:24,034 [INFO] Página 234 → 24 peças | Total acumulado: 5616 | Restantes: 600
2026-06-30 17:35:24,276 [INFO] Página 235 → 24 peças | Total acumulado: 5640 | Restantes: 599
2026-06-30 17:35:24,469 [INFO] Página 236 → 24 peças | Total acumulado: 5664 | Restantes: 598
2026-06-30 17:35:24,771 [INFO] Página 237 → 24 peças | Total acumulado: 5688 | Restantes: 597
2026-06-30 17:35:25,014 [INFO] Página 238 → 24 peças | Total acumulado: 5712 | Restantes: 596
2026-06-30 17:35:25,329 [INFO] Página 239 → 24 peças | Total acumulado: 5736 | Restantes: 595
2026-06-30 17:35:25,600 [INFO] Página 240 → 24 peças | Total acumulado: 5760 | Restantes: 594
2026-06-30 17:35:25,781 [INFO] Página 241 → 24 peças | Total acumulado: 5784 | Restantes: 593
2026-06-30 17:35:26,084 [INFO] Página 242 → 24 peças | Total acumulado: 5808 | Restantes: 592
2026-06-30 17:35:26,220 [INFO] Página 243 → 24 peças | Total acumulado: 5832 | Restantes: 591
2026-06-30 17:35:26,518 [INFO] Página 244 → 24 peças | Total acumulado: 5856 | Restantes: 590
2026-06-30 17:35:26,754 [INFO] Página 245 → 24 peças | Total acumulado: 5880 | Restantes: 589
2026-06-30 17:35:26,948 [INFO] Página 246 → 24 peças | Total acumulado: 5904 | Restantes: 588
2026-06-30 17:35:27,252 [INFO] Página 247 → 24 peças | Total acumulado: 5928 | Restantes: 587
2026-06-30 17:35:27,513 [INFO] Página 248 → 24 peças | Total acumulado: 5952 | Restantes: 586
2026-06-30 17:35:28,035 [INFO] Página 249 → 24 peças | Total acumulado: 5976 | Restantes: 585
2026-06-30 17:35:28,311 [INFO] Página 250 → 24 peças | Total acumulado: 6000 | Restantes: 584
2026-06-30 17:35:28,522 [INFO] Página 251 → 24 peças | Total acumulado: 6024 | Restantes: 583
2026-06-30 17:35:28,789 [INFO] Página 252 → 24 peças | Total acumulado: 6048 | Restantes: 582
2026-06-30 17:35:28,972 [INFO] Página 253 → 24 peças | Total acumulado: 6072 | Restantes: 581
2026-06-30 17:35:29,284 [INFO] Página 254 → 24 peças | Total acumulado: 6096 | Restantes: 580
2026-06-30 17:35:29,516 [INFO] Página 255 → 24 peças | Total acumulado: 6120 | Restantes: 579
2026-06-30 17:35:29,714 [INFO] Página 256 → 24 peças | Total acumulado: 6144 | Restantes: 578
2026-06-30 17:35:30,006 [INFO] Página 257 → 24 peças | Total acumulado: 6168 | Restantes: 577
2026-06-30 17:35:30,281 [INFO] Página 258 → 24 peças | Total acumulado: 6192 | Restantes: 576
2026-06-30 17:35:30,535 [INFO] Página 259 → 24 peças | Total acumulado: 6216 | Restantes: 575
2026-06-30 17:35:30,798 [INFO] Página 260 → 24 peças | Total acumulado: 6240 | Restantes: 574
2026-06-30 17:35:31,055 [INFO] Página 261 → 24 peças | Total acumulado: 6264 | Restantes: 573
2026-06-30 17:35:31,413 [INFO] Página 262 → 24 peças | Total acumulado: 6288 | Restantes: 572
2026-06-30 17:35:31,643 [INFO] Página 263 → 24 peças | Total acumulado: 6312 | Restantes: 571
2026-06-30 17:35:31,959 [INFO] Página 264 → 24 peças | Total acumulado: 6336 | Restantes: 570
2026-06-30 17:35:32,207 [INFO] Página 265 → 24 peças | Total acumulado: 6360 | Restantes: 569
2026-06-30 17:35:32,409 [INFO] Página 266 → 24 peças | Total acumulado: 6384 | Restantes: 568
2026-06-30 17:35:32,742 [INFO] Página 267 → 24 peças | Total acumulado: 6408 | Restantes: 567
2026-06-30 17:35:33,062 [INFO] Página 268 → 24 peças | Total acumulado: 6432 | Restantes: 566
2026-06-30 17:35:33,437 [INFO] Página 269 → 24 peças | Total acumulado: 6456 | Restantes: 565
2026-06-30 17:35:33,754 [INFO] Página 270 → 24 peças | Total acumulado: 6480 | Restantes: 564
2026-06-30 17:35:34,011 [INFO] Página 271 → 24 peças | Total acumulado: 6504 | Restantes: 563
2026-06-30 17:35:34,269 [INFO] Página 272 → 24 peças | Total acumulado: 6528 | Restantes: 562
2026-06-30 17:35:34,476 [INFO] Página 273 → 24 peças | Total acumulado: 6552 | Restantes: 561
2026-06-30 17:35:34,765 [INFO] Página 274 → 24 peças | Total acumulado: 6576 | Restantes: 560
2026-06-30 17:35:35,042 [INFO] Página 275 → 24 peças | Total acumulado: 6600 | Restantes: 559
2026-06-30 17:35:35,249 [INFO] Página 276 → 24 peças | Total acumulado: 6624 | Restantes: 558
2026-06-30 17:35:35,686 [INFO] Página 277 → 24 peças | Total acumulado: 6648 | Restantes: 557
2026-06-30 17:35:35,992 [INFO] Página 278 → 24 peças | Total acumulado: 6672 | Restantes: 556
2026-06-30 17:35:36,293 [INFO] Página 279 → 24 peças | Total acumulado: 6696 | Restantes: 555
2026-06-30 17:35:36,569 [INFO] Página 280 → 24 peças | Total acumulado: 6720 | Restantes: 554
2026-06-30 17:35:36,821 [INFO] Página 281 → 24 peças | Total acumulado: 6744 | Restantes: 553
2026-06-30 17:35:37,122 [INFO] Página 282 → 24 peças | Total acumulado: 6768 | Restantes: 552
2026-06-30 17:35:37,326 [INFO] Página 283 → 24 peças | Total acumulado: 6792 | Restantes: 551
2026-06-30 17:35:37,654 [INFO] Página 284 → 24 peças | Total acumulado: 6816 | Restantes: 550
2026-06-30 17:35:37,971 [INFO] Página 285 → 24 peças | Total acumulado: 6840 | Restantes: 549
2026-06-30 17:35:38,219 [INFO] Página 286 → 24 peças | Total acumulado: 6864 | Restantes: 548
2026-06-30 17:35:38,520 [INFO] Página 287 → 24 peças | Total acumulado: 6888 | Restantes: 547
2026-06-30 17:35:38,799 [INFO] Página 288 → 24 peças | Total acumulado: 6912 | Restantes: 546
2026-06-30 17:35:39,083 [INFO] Página 289 → 24 peças | Total acumulado: 6936 | Restantes: 545
2026-06-30 17:35:39,345 [INFO] Página 290 → 24 peças | Total acumulado: 6960 | Restantes: 544
2026-06-30 17:35:39,543 [INFO] Página 291 → 24 peças | Total acumulado: 6984 | Restantes: 543
2026-06-30 17:35:39,851 [INFO] Página 292 → 24 peças | Total acumulado: 7008 | Restantes: 542
2026-06-30 17:35:40,029 [INFO] Página 293 → 24 peças | Total acumulado: 7032 | Restantes: 541
2026-06-30 17:35:40,358 [INFO] Página 294 → 24 peças | Total acumulado: 7056 | Restantes: 540
2026-06-30 17:35:40,659 [INFO] Página 295 → 24 peças | Total acumulado: 7080 | Restantes: 539
2026-06-30 17:35:40,902 [INFO] Página 296 → 24 peças | Total acumulado: 7104 | Restantes: 538
2026-06-30 17:35:41,172 [INFO] Página 297 → 24 peças | Total acumulado: 7128 | Restantes: 537
2026-06-30 17:35:41,431 [INFO] Página 298 → 24 peças | Total acumulado: 7152 | Restantes: 536
2026-06-30 17:35:41,722 [INFO] Página 299 → 24 peças | Total acumulado: 7176 | Restantes: 535
2026-06-30 17:35:42,022 [INFO] Página 300 → 24 peças | Total acumulado: 7200 | Restantes: 534
2026-06-30 17:35:42,253 [INFO] Página 301 → 24 peças | Total acumulado: 7224 | Restantes: 533
2026-06-30 17:35:42,520 [INFO] Página 302 → 24 peças | Total acumulado: 7248 | Restantes: 532
2026-06-30 17:35:42,715 [INFO] Página 303 → 24 peças | Total acumulado: 7272 | Restantes: 531
2026-06-30 17:35:43,180 [INFO] Página 304 → 24 peças | Total acumulado: 7296 | Restantes: 530
2026-06-30 17:35:43,408 [INFO] Página 305 → 24 peças | Total acumulado: 7320 | Restantes: 529
2026-06-30 17:35:43,668 [INFO] Página 306 → 24 peças | Total acumulado: 7344 | Restantes: 528
2026-06-30 17:35:43,999 [INFO] Página 307 → 24 peças | Total acumulado: 7368 | Restantes: 527
2026-06-30 17:35:44,245 [INFO] Página 308 → 24 peças | Total acumulado: 7392 | Restantes: 526
2026-06-30 17:35:44,539 [INFO] Página 309 → 24 peças | Total acumulado: 7416 | Restantes: 525
2026-06-30 17:35:44,862 [INFO] Página 310 → 24 peças | Total acumulado: 7440 | Restantes: 524
2026-06-30 17:35:45,142 [INFO] Página 311 → 24 peças | Total acumulado: 7464 | Restantes: 523
2026-06-30 17:35:45,411 [INFO] Página 312 → 24 peças | Total acumulado: 7488 | Restantes: 522
2026-06-30 17:35:45,572 [INFO] Página 313 → 24 peças | Total acumulado: 7512 | Restantes: 521
2026-06-30 17:35:45,923 [INFO] Página 314 → 24 peças | Total acumulado: 7536 | Restantes: 520
2026-06-30 17:35:46,207 [INFO] Página 315 → 24 peças | Total acumulado: 7560 | Restantes: 519
2026-06-30 17:35:46,495 [INFO] Página 316 → 24 peças | Total acumulado: 7584 | Restantes: 518
2026-06-30 17:35:46,869 [INFO] Página 317 → 24 peças | Total acumulado: 7608 | Restantes: 517
2026-06-30 17:35:47,186 [INFO] Página 318 → 24 peças | Total acumulado: 7632 | Restantes: 516
2026-06-30 17:35:47,461 [INFO] Página 319 → 24 peças | Total acumulado: 7656 | Restantes: 515
2026-06-30 17:35:47,778 [INFO] Página 320 → 24 peças | Total acumulado: 7680 | Restantes: 514
2026-06-30 17:35:48,070 [INFO] Página 321 → 24 peças | Total acumulado: 7704 | Restantes: 513
2026-06-30 17:35:48,559 [INFO] Página 322 → 24 peças | Total acumulado: 7728 | Restantes: 512
2026-06-30 17:35:48,810 [INFO] Página 323 → 24 peças | Total acumulado: 7752 | Restantes: 511
2026-06-30 17:35:49,174 [INFO] Página 324 → 24 peças | Total acumulado: 7776 | Restantes: 510
2026-06-30 17:35:49,463 [INFO] Página 325 → 24 peças | Total acumulado: 7800 | Restantes: 509
2026-06-30 17:35:49,784 [INFO] Página 326 → 24 peças | Total acumulado: 7824 | Restantes: 508
2026-06-30 17:35:50,104 [INFO] Página 327 → 24 peças | Total acumulado: 7848 | Restantes: 507
2026-06-30 17:35:50,414 [INFO] Página 328 → 24 peças | Total acumulado: 7872 | Restantes: 506
2026-06-30 17:35:50,712 [INFO] Página 329 → 24 peças | Total acumulado: 7896 | Restantes: 505
2026-06-30 17:35:51,080 [INFO] Página 330 → 24 peças | Total acumulado: 7920 | Restantes: 504
2026-06-30 17:35:51,417 [INFO] Página 331 → 24 peças | Total acumulado: 7944 | Restantes: 503
2026-06-30 17:35:51,740 [INFO] Página 332 → 24 peças | Total acumulado: 7968 | Restantes: 502
2026-06-30 17:35:51,936 [INFO] Página 333 → 24 peças | Total acumulado: 7992 | Restantes: 501
2026-06-30 17:35:52,377 [INFO] Página 334 → 24 peças | Total acumulado: 8016 | Restantes: 500
2026-06-30 17:35:52,684 [INFO] Página 335 → 24 peças | Total acumulado: 8040 | Restantes: 499
2026-06-30 17:35:52,931 [INFO] Página 336 → 24 peças | Total acumulado: 8064 | Restantes: 498
2026-06-30 17:35:53,303 [INFO] Página 337 → 24 peças | Total acumulado: 8088 | Restantes: 497
2026-06-30 17:35:53,597 [INFO] Página 338 → 24 peças | Total acumulado: 8112 | Restantes: 496
2026-06-30 17:35:53,945 [INFO] Página 339 → 24 peças | Total acumulado: 8136 | Restantes: 495
2026-06-30 17:35:54,295 [INFO] Página 340 → 24 peças | Total acumulado: 8160 | Restantes: 494
2026-06-30 17:35:54,603 [INFO] Página 341 → 24 peças | Total acumulado: 8184 | Restantes: 493
2026-06-30 17:35:54,940 [INFO] Página 342 → 24 peças | Total acumulado: 8208 | Restantes: 492
2026-06-30 17:35:55,155 [INFO] Página 343 → 24 peças | Total acumulado: 8232 | Restantes: 491
2026-06-30 17:35:55,458 [INFO] Página 344 → 24 peças | Total acumulado: 8256 | Restantes: 490
2026-06-30 17:35:55,829 [INFO] Página 345 → 24 peças | Total acumulado: 8280 | Restantes: 489
2026-06-30 17:35:56,113 [INFO] Página 346 → 24 peças | Total acumulado: 8304 | Restantes: 488
2026-06-30 17:35:56,408 [INFO] Página 347 → 24 peças | Total acumulado: 8328 | Restantes: 487
2026-06-30 17:35:56,699 [INFO] Página 348 → 24 peças | Total acumulado: 8352 | Restantes: 486
2026-06-30 17:35:56,964 [INFO] Página 349 → 24 peças | Total acumulado: 8376 | Restantes: 485
2026-06-30 17:35:57,207 [INFO] Página 350 → 24 peças | Total acumulado: 8400 | Restantes: 484
2026-06-30 17:35:57,434 [INFO] Página 351 → 24 peças | Total acumulado: 8424 | Restantes: 483
2026-06-30 17:35:57,711 [INFO] Página 352 → 24 peças | Total acumulado: 8448 | Restantes: 482
2026-06-30 17:35:57,915 [INFO] Página 353 → 24 peças | Total acumulado: 8472 | Restantes: 481
2026-06-30 17:35:58,251 [INFO] Página 354 → 24 peças | Total acumulado: 8496 | Restantes: 480
2026-06-30 17:35:58,597 [INFO] Página 355 → 24 peças | Total acumulado: 8520 | Restantes: 479
2026-06-30 17:35:58,819 [INFO] Página 356 → 24 peças | Total acumulado: 8544 | Restantes: 478
2026-06-30 17:35:59,111 [INFO] Página 357 → 24 peças | Total acumulado: 8568 | Restantes: 477
2026-06-30 17:35:59,392 [INFO] Página 358 → 24 peças | Total acumulado: 8592 | Restantes: 476
2026-06-30 17:35:59,702 [INFO] Página 359 → 24 peças | Total acumulado: 8616 | Restantes: 475
2026-06-30 17:35:59,970 [INFO] Página 360 → 24 peças | Total acumulado: 8640 | Restantes: 474
2026-06-30 17:36:00,217 [INFO] Página 361 → 24 peças | Total acumulado: 8664 | Restantes: 473
2026-06-30 17:36:00,572 [INFO] Página 362 → 24 peças | Total acumulado: 8688 | Restantes: 472
2026-06-30 17:36:00,822 [INFO] Página 363 → 24 peças | Total acumulado: 8712 | Restantes: 471
2026-06-30 17:36:01,195 [INFO] Página 364 → 24 peças | Total acumulado: 8736 | Restantes: 470
2026-06-30 17:36:01,582 [INFO] Página 365 → 24 peças | Total acumulado: 8760 | Restantes: 469
2026-06-30 17:36:01,985 [INFO] Página 366 → 24 peças | Total acumulado: 8784 | Restantes: 468
2026-06-30 17:36:02,620 [INFO] Página 367 → 24 peças | Total acumulado: 8808 | Restantes: 467
2026-06-30 17:36:02,946 [INFO] Página 368 → 24 peças | Total acumulado: 8832 | Restantes: 466
2026-06-30 17:36:03,224 [INFO] Página 369 → 24 peças | Total acumulado: 8856 | Restantes: 465
2026-06-30 17:36:03,556 [INFO] Página 370 → 24 peças | Total acumulado: 8880 | Restantes: 464
2026-06-30 17:36:03,831 [INFO] Página 371 → 24 peças | Total acumulado: 8904 | Restantes: 463
2026-06-30 17:36:04,106 [INFO] Página 372 → 24 peças | Total acumulado: 8928 | Restantes: 462
2026-06-30 17:36:04,313 [INFO] Página 373 → 24 peças | Total acumulado: 8952 | Restantes: 461
2026-06-30 17:36:04,651 [INFO] Página 374 → 24 peças | Total acumulado: 8976 | Restantes: 460
2026-06-30 17:36:04,910 [INFO] Página 375 → 24 peças | Total acumulado: 9000 | Restantes: 459
2026-06-30 17:36:05,207 [INFO] Página 376 → 24 peças | Total acumulado: 9024 | Restantes: 458
2026-06-30 17:36:05,766 [INFO] Página 377 → 24 peças | Total acumulado: 9048 | Restantes: 457
2026-06-30 17:36:06,096 [INFO] Página 378 → 24 peças | Total acumulado: 9072 | Restantes: 456
2026-06-30 17:36:06,421 [INFO] Página 379 → 24 peças | Total acumulado: 9096 | Restantes: 455
2026-06-30 17:36:06,875 [INFO] Página 380 → 24 peças | Total acumulado: 9120 | Restantes: 454
2026-06-30 17:36:07,189 [INFO] Página 381 → 24 peças | Total acumulado: 9144 | Restantes: 453
2026-06-30 17:36:07,532 [INFO] Página 382 → 24 peças | Total acumulado: 9168 | Restantes: 452
2026-06-30 17:36:07,743 [INFO] Página 383 → 24 peças | Total acumulado: 9192 | Restantes: 451
2026-06-30 17:36:08,114 [INFO] Página 384 → 24 peças | Total acumulado: 9216 | Restantes: 450
2026-06-30 17:36:08,472 [INFO] Página 385 → 24 peças | Total acumulado: 9240 | Restantes: 449
2026-06-30 17:36:08,991 [INFO] Página 386 → 24 peças | Total acumulado: 9264 | Restantes: 448
2026-06-30 17:36:09,359 [INFO] Página 387 → 24 peças | Total acumulado: 9288 | Restantes: 447
2026-06-30 17:36:09,766 [INFO] Página 388 → 24 peças | Total acumulado: 9312 | Restantes: 446
2026-06-30 17:36:10,097 [INFO] Página 389 → 24 peças | Total acumulado: 9336 | Restantes: 445
2026-06-30 17:36:10,444 [INFO] Página 390 → 24 peças | Total acumulado: 9360 | Restantes: 444
2026-06-30 17:36:10,719 [INFO] Página 391 → 24 peças | Total acumulado: 9384 | Restantes: 443
2026-06-30 17:36:10,995 [INFO] Página 392 → 24 peças | Total acumulado: 9408 | Restantes: 442
2026-06-30 17:36:11,294 [INFO] Página 393 → 24 peças | Total acumulado: 9432 | Restantes: 441
2026-06-30 17:36:11,610 [INFO] Página 394 → 24 peças | Total acumulado: 9456 | Restantes: 440
2026-06-30 17:36:11,872 [INFO] Página 395 → 24 peças | Total acumulado: 9480 | Restantes: 439
2026-06-30 17:36:12,093 [INFO] Página 396 → 24 peças | Total acumulado: 9504 | Restantes: 438
2026-06-30 17:36:12,396 [INFO] Página 397 → 24 peças | Total acumulado: 9528 | Restantes: 437
2026-06-30 17:36:12,683 [INFO] Página 398 → 24 peças | Total acumulado: 9552 | Restantes: 436
2026-06-30 17:36:13,068 [INFO] Página 399 → 24 peças | Total acumulado: 9576 | Restantes: 435
2026-06-30 17:36:13,412 [INFO] Página 400 → 24 peças | Total acumulado: 9600 | Restantes: 434
2026-06-30 17:36:13,763 [INFO] Página 401 → 24 peças | Total acumulado: 9624 | Restantes: 433
2026-06-30 17:36:14,085 [INFO] Página 402 → 24 peças | Total acumulado: 9648 | Restantes: 432
2026-06-30 17:36:14,318 [INFO] Página 403 → 24 peças | Total acumulado: 9672 | Restantes: 431
2026-06-30 17:36:14,646 [INFO] Página 404 → 24 peças | Total acumulado: 9696 | Restantes: 430
2026-06-30 17:36:14,939 [INFO] Página 405 → 24 peças | Total acumulado: 9720 | Restantes: 429
2026-06-30 17:36:15,216 [INFO] Página 406 → 24 peças | Total acumulado: 9744 | Restantes: 428
2026-06-30 17:36:15,525 [INFO] Página 407 → 24 peças | Total acumulado: 9768 | Restantes: 427
2026-06-30 17:36:15,787 [INFO] Página 408 → 24 peças | Total acumulado: 9792 | Restantes: 426
2026-06-30 17:36:16,070 [INFO] Página 409 → 24 peças | Total acumulado: 9816 | Restantes: 425
2026-06-30 17:36:16,338 [INFO] Página 410 → 24 peças | Total acumulado: 9840 | Restantes: 424
2026-06-30 17:36:16,624 [INFO] Página 411 → 24 peças | Total acumulado: 9864 | Restantes: 423
2026-06-30 17:36:17,023 [INFO] Página 412 → 24 peças | Total acumulado: 9888 | Restantes: 422
2026-06-30 17:36:17,195 [INFO] Página 413 → 24 peças | Total acumulado: 9912 | Restantes: 421
2026-06-30 17:36:17,513 [INFO] Página 414 → 24 peças | Total acumulado: 9936 | Restantes: 420
2026-06-30 17:36:17,784 [INFO] Página 415 → 24 peças | Total acumulado: 9960 | Restantes: 419
2026-06-30 17:36:18,014 [INFO] Página 416 → 24 peças | Total acumulado: 9984 | Restantes: 418
2026-06-30 17:36:18,330 [INFO] Página 417 → 24 peças | Total acumulado: 10008 | Restantes: 417
2026-06-30 17:36:18,643 [INFO] Página 418 → 24 peças | Total acumulado: 10032 | Restantes: 416
2026-06-30 17:36:19,005 [INFO] Página 419 → 24 peças | Total acumulado: 10056 | Restantes: 415
2026-06-30 17:36:19,323 [INFO] Página 420 → 24 peças | Total acumulado: 10080 | Restantes: 414
2026-06-30 17:36:19,586 [INFO] Página 421 → 24 peças | Total acumulado: 10104 | Restantes: 413
2026-06-30 17:36:19,892 [INFO] Página 422 → 24 peças | Total acumulado: 10128 | Restantes: 412
2026-06-30 17:36:20,099 [INFO] Página 423 → 24 peças | Total acumulado: 10152 | Restantes: 411
2026-06-30 17:36:20,469 [INFO] Página 424 → 24 peças | Total acumulado: 10176 | Restantes: 410
2026-06-30 17:36:20,760 [INFO] Página 425 → 24 peças | Total acumulado: 10200 | Restantes: 409
2026-06-30 17:36:20,951 [INFO] Página 426 → 24 peças | Total acumulado: 10224 | Restantes: 408
2026-06-30 17:36:21,232 [INFO] Página 427 → 24 peças | Total acumulado: 10248 | Restantes: 407
2026-06-30 17:36:21,496 [INFO] Página 428 → 24 peças | Total acumulado: 10272 | Restantes: 406
2026-06-30 17:36:21,761 [INFO] Página 429 → 24 peças | Total acumulado: 10296 | Restantes: 405
2026-06-30 17:36:22,034 [INFO] Página 430 → 24 peças | Total acumulado: 10320 | Restantes: 404
2026-06-30 17:36:22,262 [INFO] Página 431 → 24 peças | Total acumulado: 10344 | Restantes: 403
2026-06-30 17:36:22,561 [INFO] Página 432 → 24 peças | Total acumulado: 10368 | Restantes: 402
2026-06-30 17:36:22,724 [INFO] Página 433 → 24 peças | Total acumulado: 10392 | Restantes: 401
2026-06-30 17:36:23,053 [INFO] Página 434 → 24 peças | Total acumulado: 10416 | Restantes: 400
2026-06-30 17:36:23,343 [INFO] Página 435 → 24 peças | Total acumulado: 10440 | Restantes: 399
2026-06-30 17:36:23,583 [INFO] Página 436 → 24 peças | Total acumulado: 10464 | Restantes: 398
2026-06-30 17:36:23,947 [INFO] Página 437 → 24 peças | Total acumulado: 10488 | Restantes: 397
2026-06-30 17:36:24,290 [INFO] Página 438 → 24 peças | Total acumulado: 10512 | Restantes: 396
2026-06-30 17:36:24,665 [INFO] Página 439 → 24 peças | Total acumulado: 10536 | Restantes: 395
2026-06-30 17:36:24,937 [INFO] Página 440 → 24 peças | Total acumulado: 10560 | Restantes: 394
2026-06-30 17:36:25,213 [INFO] Página 441 → 24 peças | Total acumulado: 10584 | Restantes: 393
2026-06-30 17:36:25,532 [INFO] Página 442 → 24 peças | Total acumulado: 10608 | Restantes: 392
2026-06-30 17:36:25,728 [INFO] Página 443 → 24 peças | Total acumulado: 10632 | Restantes: 391
2026-06-30 17:36:26,027 [INFO] Página 444 → 24 peças | Total acumulado: 10656 | Restantes: 390
2026-06-30 17:36:26,263 [INFO] Página 445 → 24 peças | Total acumulado: 10680 | Restantes: 389
2026-06-30 17:36:26,491 [INFO] Página 446 → 24 peças | Total acumulado: 10704 | Restantes: 388
2026-06-30 17:36:26,830 [INFO] Página 447 → 24 peças | Total acumulado: 10728 | Restantes: 387
2026-06-30 17:36:27,092 [INFO] Página 448 → 24 peças | Total acumulado: 10752 | Restantes: 386
2026-06-30 17:36:27,361 [INFO] Página 449 → 24 peças | Total acumulado: 10776 | Restantes: 385
2026-06-30 17:36:27,671 [INFO] Página 450 → 24 peças | Total acumulado: 10800 | Restantes: 384
2026-06-30 17:36:27,910 [INFO] Página 451 → 24 peças | Total acumulado: 10824 | Restantes: 383
2026-06-30 17:36:28,200 [INFO] Página 452 → 24 peças | Total acumulado: 10848 | Restantes: 382
2026-06-30 17:36:28,425 [INFO] Página 453 → 24 peças | Total acumulado: 10872 | Restantes: 381
2026-06-30 17:36:28,781 [INFO] Página 454 → 24 peças | Total acumulado: 10896 | Restantes: 380
2026-06-30 17:36:29,132 [INFO] Página 455 → 24 peças | Total acumulado: 10920 | Restantes: 379
2026-06-30 17:36:29,363 [INFO] Página 456 → 24 peças | Total acumulado: 10944 | Restantes: 378
2026-06-30 17:36:29,692 [INFO] Página 457 → 24 peças | Total acumulado: 10968 | Restantes: 377
2026-06-30 17:36:29,968 [INFO] Página 458 → 24 peças | Total acumulado: 10992 | Restantes: 376
2026-06-30 17:36:30,262 [INFO] Página 459 → 24 peças | Total acumulado: 11016 | Restantes: 375
2026-06-30 17:36:30,629 [INFO] Página 460 → 24 peças | Total acumulado: 11040 | Restantes: 374
2026-06-30 17:36:30,949 [INFO] Página 461 → 24 peças | Total acumulado: 11064 | Restantes: 373
2026-06-30 17:36:31,261 [INFO] Página 462 → 24 peças | Total acumulado: 11088 | Restantes: 372
2026-06-30 17:36:31,459 [INFO] Página 463 → 24 peças | Total acumulado: 11112 | Restantes: 371
2026-06-30 17:36:31,815 [INFO] Página 464 → 24 peças | Total acumulado: 11136 | Restantes: 370
2026-06-30 17:36:32,175 [INFO] Página 465 → 24 peças | Total acumulado: 11160 | Restantes: 369
2026-06-30 17:36:32,407 [INFO] Página 466 → 24 peças | Total acumulado: 11184 | Restantes: 368
2026-06-30 17:36:32,729 [INFO] Página 467 → 24 peças | Total acumulado: 11208 | Restantes: 367
2026-06-30 17:36:33,003 [INFO] Página 468 → 24 peças | Total acumulado: 11232 | Restantes: 366
2026-06-30 17:36:33,328 [INFO] Página 469 → 24 peças | Total acumulado: 11256 | Restantes: 365
2026-06-30 17:36:33,611 [INFO] Página 470 → 24 peças | Total acumulado: 11280 | Restantes: 364
2026-06-30 17:36:33,858 [INFO] Página 471 → 24 peças | Total acumulado: 11304 | Restantes: 363
2026-06-30 17:36:34,160 [INFO] Página 472 → 24 peças | Total acumulado: 11328 | Restantes: 362
2026-06-30 17:36:34,394 [INFO] Página 473 → 24 peças | Total acumulado: 11352 | Restantes: 361
2026-06-30 17:36:34,760 [INFO] Página 474 → 24 peças | Total acumulado: 11376 | Restantes: 360
2026-06-30 17:36:35,025 [INFO] Página 475 → 24 peças | Total acumulado: 11400 | Restantes: 359
2026-06-30 17:36:35,314 [INFO] Página 476 → 24 peças | Total acumulado: 11424 | Restantes: 358
2026-06-30 17:36:35,646 [INFO] Página 477 → 24 peças | Total acumulado: 11448 | Restantes: 357
2026-06-30 17:36:35,927 [INFO] Página 478 → 24 peças | Total acumulado: 11472 | Restantes: 356
2026-06-30 17:36:36,210 [INFO] Página 479 → 24 peças | Total acumulado: 11496 | Restantes: 355
2026-06-30 17:36:36,481 [INFO] Página 480 → 24 peças | Total acumulado: 11520 | Restantes: 354
2026-06-30 17:36:36,729 [INFO] Página 481 → 24 peças | Total acumulado: 11544 | Restantes: 353
2026-06-30 17:36:37,054 [INFO] Página 482 → 24 peças | Total acumulado: 11568 | Restantes: 352
2026-06-30 17:36:37,293 [INFO] Página 483 → 24 peças | Total acumulado: 11592 | Restantes: 351
2026-06-30 17:36:37,622 [INFO] Página 484 → 24 peças | Total acumulado: 11616 | Restantes: 350
2026-06-30 17:36:37,894 [INFO] Página 485 → 24 peças | Total acumulado: 11640 | Restantes: 349
2026-06-30 17:36:38,122 [INFO] Página 486 → 24 peças | Total acumulado: 11664 | Restantes: 348
2026-06-30 17:36:38,425 [INFO] Página 487 → 24 peças | Total acumulado: 11688 | Restantes: 347
2026-06-30 17:36:38,684 [INFO] Página 488 → 24 peças | Total acumulado: 11712 | Restantes: 346
2026-06-30 17:36:38,985 [INFO] Página 489 → 24 peças | Total acumulado: 11736 | Restantes: 345
2026-06-30 17:36:39,291 [INFO] Página 490 → 24 peças | Total acumulado: 11760 | Restantes: 344
2026-06-30 17:36:39,595 [INFO] Página 491 → 24 peças | Total acumulado: 11784 | Restantes: 343
2026-06-30 17:36:39,924 [INFO] Página 492 → 24 peças | Total acumulado: 11808 | Restantes: 342
2026-06-30 17:36:40,156 [INFO] Página 493 → 24 peças | Total acumulado: 11832 | Restantes: 341
2026-06-30 17:36:40,499 [INFO] Página 494 → 24 peças | Total acumulado: 11856 | Restantes: 340
2026-06-30 17:36:40,846 [INFO] Página 495 → 24 peças | Total acumulado: 11880 | Restantes: 339
2026-06-30 17:36:41,094 [INFO] Página 496 → 24 peças | Total acumulado: 11904 | Restantes: 338
2026-06-30 17:36:41,457 [INFO] Página 497 → 24 peças | Total acumulado: 11928 | Restantes: 337
2026-06-30 17:36:41,740 [INFO] Página 498 → 24 peças | Total acumulado: 11952 | Restantes: 336
2026-06-30 17:36:42,014 [INFO] Página 499 → 24 peças | Total acumulado: 11976 | Restantes: 335
2026-06-30 17:36:42,256 [INFO] Página 500 → 24 peças | Total acumulado: 12000 | Restantes: 334
2026-06-30 17:36:42,484 [INFO] Página 501 → 24 peças | Total acumulado: 12024 | Restantes: 333
2026-06-30 17:36:42,775 [INFO] Página 502 → 24 peças | Total acumulado: 12048 | Restantes: 332
2026-06-30 17:36:42,977 [INFO] Página 503 → 24 peças | Total acumulado: 12072 | Restantes: 331
2026-06-30 17:36:43,275 [INFO] Página 504 → 24 peças | Total acumulado: 12096 | Restantes: 330
2026-06-30 17:36:43,546 [INFO] Página 505 → 24 peças | Total acumulado: 12120 | Restantes: 329
2026-06-30 17:36:43,829 [INFO] Página 506 → 24 peças | Total acumulado: 12144 | Restantes: 328
2026-06-30 17:36:44,157 [INFO] Página 507 → 24 peças | Total acumulado: 12168 | Restantes: 327
2026-06-30 17:36:44,461 [INFO] Página 508 → 24 peças | Total acumulado: 12192 | Restantes: 326
2026-06-30 17:36:44,784 [INFO] Página 509 → 24 peças | Total acumulado: 12216 | Restantes: 325
2026-06-30 17:36:45,308 [INFO] Página 510 → 24 peças | Total acumulado: 12240 | Restantes: 324
2026-06-30 17:36:45,544 [INFO] Página 511 → 24 peças | Total acumulado: 12264 | Restantes: 323
2026-06-30 17:36:45,835 [INFO] Página 512 → 24 peças | Total acumulado: 12288 | Restantes: 322
2026-06-30 17:36:46,019 [INFO] Página 513 → 24 peças | Total acumulado: 12312 | Restantes: 321
2026-06-30 17:36:46,359 [INFO] Página 514 → 24 peças | Total acumulado: 12336 | Restantes: 320
2026-06-30 17:36:46,742 [INFO] Página 515 → 24 peças | Total acumulado: 12360 | Restantes: 319
2026-06-30 17:36:47,038 [INFO] Página 516 → 24 peças | Total acumulado: 12384 | Restantes: 318
2026-06-30 17:36:47,341 [INFO] Página 517 → 24 peças | Total acumulado: 12408 | Restantes: 317
2026-06-30 17:36:47,588 [INFO] Página 518 → 24 peças | Total acumulado: 12432 | Restantes: 316
2026-06-30 17:36:47,846 [INFO] Página 519 → 24 peças | Total acumulado: 12456 | Restantes: 315
2026-06-30 17:36:48,102 [INFO] Página 520 → 24 peças | Total acumulado: 12480 | Restantes: 314
2026-06-30 17:36:48,336 [INFO] Página 521 → 24 peças | Total acumulado: 12504 | Restantes: 313
2026-06-30 17:36:48,609 [INFO] Página 522 → 24 peças | Total acumulado: 12528 | Restantes: 312
2026-06-30 17:36:48,805 [INFO] Página 523 → 24 peças | Total acumulado: 12552 | Restantes: 311
2026-06-30 17:36:49,098 [INFO] Página 524 → 24 peças | Total acumulado: 12576 | Restantes: 310
2026-06-30 17:36:49,401 [INFO] Página 525 → 24 peças | Total acumulado: 12600 | Restantes: 309
2026-06-30 17:36:49,784 [INFO] Página 526 → 24 peças | Total acumulado: 12624 | Restantes: 308
2026-06-30 17:36:50,106 [INFO] Página 527 → 24 peças | Total acumulado: 12648 | Restantes: 307
2026-06-30 17:36:50,411 [INFO] Página 528 → 24 peças | Total acumulado: 12672 | Restantes: 306
2026-06-30 17:36:50,688 [INFO] Página 529 → 24 peças | Total acumulado: 12696 | Restantes: 305
2026-06-30 17:36:51,017 [INFO] Página 530 → 24 peças | Total acumulado: 12720 | Restantes: 304
2026-06-30 17:36:51,245 [INFO] Página 531 → 24 peças | Total acumulado: 12744 | Restantes: 303
2026-06-30 17:36:51,531 [INFO] Página 532 → 24 peças | Total acumulado: 12768 | Restantes: 302
2026-06-30 17:36:51,722 [INFO] Página 533 → 24 peças | Total acumulado: 12792 | Restantes: 301
2026-06-30 17:36:52,062 [INFO] Página 534 → 24 peças | Total acumulado: 12816 | Restantes: 300
2026-06-30 17:36:52,372 [INFO] Página 535 → 24 peças | Total acumulado: 12840 | Restantes: 299
2026-06-30 17:36:52,772 [INFO] Página 536 → 24 peças | Total acumulado: 12864 | Restantes: 298
2026-06-30 17:36:53,108 [INFO] Página 537 → 24 peças | Total acumulado: 12888 | Restantes: 297
2026-06-30 17:36:53,373 [INFO] Página 538 → 24 peças | Total acumulado: 12912 | Restantes: 296
2026-06-30 17:36:53,642 [INFO] Página 539 → 24 peças | Total acumulado: 12936 | Restantes: 295
2026-06-30 17:36:53,906 [INFO] Página 540 → 24 peças | Total acumulado: 12960 | Restantes: 294
2026-06-30 17:36:54,131 [INFO] Página 541 → 24 peças | Total acumulado: 12984 | Restantes: 293
2026-06-30 17:36:54,402 [INFO] Página 542 → 24 peças | Total acumulado: 13008 | Restantes: 292
2026-06-30 17:36:54,630 [INFO] Página 543 → 24 peças | Total acumulado: 13032 | Restantes: 291
2026-06-30 17:36:54,958 [INFO] Página 544 → 24 peças | Total acumulado: 13056 | Restantes: 290
2026-06-30 17:36:55,240 [INFO] Página 545 → 24 peças | Total acumulado: 13080 | Restantes: 289
2026-06-30 17:36:56,118 [INFO] Página 546 → 24 peças | Total acumulado: 13104 | Restantes: 288
2026-06-30 17:36:56,433 [INFO] Página 547 → 24 peças | Total acumulado: 13128 | Restantes: 287
2026-06-30 17:36:56,709 [INFO] Página 548 → 24 peças | Total acumulado: 13152 | Restantes: 286
2026-06-30 17:36:56,967 [INFO] Página 549 → 24 peças | Total acumulado: 13176 | Restantes: 285
2026-06-30 17:36:57,216 [INFO] Página 550 → 24 peças | Total acumulado: 13200 | Restantes: 284
2026-06-30 17:36:57,423 [INFO] Página 551 → 24 peças | Total acumulado: 13224 | Restantes: 283
2026-06-30 17:36:57,706 [INFO] Página 552 → 24 peças | Total acumulado: 13248 | Restantes: 282
2026-06-30 17:36:57,878 [INFO] Página 553 → 24 peças | Total acumulado: 13272 | Restantes: 281
2026-06-30 17:36:58,185 [INFO] Página 554 → 24 peças | Total acumulado: 13296 | Restantes: 280
2026-06-30 17:36:58,418 [INFO] Página 555 → 24 peças | Total acumulado: 13320 | Restantes: 279
2026-06-30 17:36:58,661 [INFO] Página 556 → 24 peças | Total acumulado: 13344 | Restantes: 278
2026-06-30 17:36:58,929 [INFO] Página 557 → 24 peças | Total acumulado: 13368 | Restantes: 277
2026-06-30 17:36:59,200 [INFO] Página 558 → 24 peças | Total acumulado: 13392 | Restantes: 276
2026-06-30 17:36:59,473 [INFO] Página 559 → 24 peças | Total acumulado: 13416 | Restantes: 275
2026-06-30 17:36:59,788 [INFO] Página 560 → 24 peças | Total acumulado: 13440 | Restantes: 274
2026-06-30 17:37:00,044 [INFO] Página 561 → 24 peças | Total acumulado: 13464 | Restantes: 273
2026-06-30 17:37:00,345 [INFO] Página 562 → 24 peças | Total acumulado: 13488 | Restantes: 272
2026-06-30 17:37:00,609 [INFO] Página 563 → 24 peças | Total acumulado: 13512 | Restantes: 271
2026-06-30 17:37:00,950 [INFO] Página 564 → 24 peças | Total acumulado: 13536 | Restantes: 270
2026-06-30 17:37:01,241 [INFO] Página 565 → 24 peças | Total acumulado: 13560 | Restantes: 269
2026-06-30 17:37:01,498 [INFO] Página 566 → 24 peças | Total acumulado: 13584 | Restantes: 268
2026-06-30 17:37:02,036 [INFO] Página 567 → 24 peças | Total acumulado: 13608 | Restantes: 267
2026-06-30 17:37:02,612 [INFO] Página 568 → 24 peças | Total acumulado: 13632 | Restantes: 266
2026-06-30 17:37:02,926 [INFO] Página 569 → 24 peças | Total acumulado: 13656 | Restantes: 265
2026-06-30 17:37:03,197 [INFO] Página 570 → 24 peças | Total acumulado: 13680 | Restantes: 264
2026-06-30 17:37:03,467 [INFO] Página 571 → 24 peças | Total acumulado: 13704 | Restantes: 263
2026-06-30 17:37:03,799 [INFO] Página 572 → 24 peças | Total acumulado: 13728 | Restantes: 262
2026-06-30 17:37:04,013 [INFO] Página 573 → 24 peças | Total acumulado: 13752 | Restantes: 261
2026-06-30 17:37:04,340 [INFO] Página 574 → 24 peças | Total acumulado: 13776 | Restantes: 260
2026-06-30 17:37:04,680 [INFO] Página 575 → 24 peças | Total acumulado: 13800 | Restantes: 259
2026-06-30 17:37:05,077 [INFO] Página 576 → 24 peças | Total acumulado: 13824 | Restantes: 258
2026-06-30 17:37:05,547 [INFO] Página 577 → 24 peças | Total acumulado: 13848 | Restantes: 257
2026-06-30 17:37:05,831 [INFO] Página 578 → 24 peças | Total acumulado: 13872 | Restantes: 256
2026-06-30 17:37:06,132 [INFO] Página 579 → 24 peças | Total acumulado: 13896 | Restantes: 255
2026-06-30 17:37:06,523 [INFO] Página 580 → 24 peças | Total acumulado: 13920 | Restantes: 254
2026-06-30 17:37:06,816 [INFO] Página 581 → 24 peças | Total acumulado: 13944 | Restantes: 253
2026-06-30 17:37:07,088 [INFO] Página 582 → 24 peças | Total acumulado: 13968 | Restantes: 252
2026-06-30 17:37:07,322 [INFO] Página 583 → 24 peças | Total acumulado: 13992 | Restantes: 251
2026-06-30 17:37:07,681 [INFO] Página 584 → 24 peças | Total acumulado: 14016 | Restantes: 250
2026-06-30 17:37:07,968 [INFO] Página 585 → 24 peças | Total acumulado: 14040 | Restantes: 249
2026-06-30 17:37:08,207 [INFO] Página 586 → 24 peças | Total acumulado: 14064 | Restantes: 248
2026-06-30 17:37:08,516 [INFO] Página 587 → 24 peças | Total acumulado: 14088 | Restantes: 247
2026-06-30 17:37:08,892 [INFO] Página 588 → 24 peças | Total acumulado: 14112 | Restantes: 246
2026-06-30 17:37:09,223 [INFO] Página 589 → 24 peças | Total acumulado: 14136 | Restantes: 245
2026-06-30 17:37:09,506 [INFO] Página 590 → 24 peças | Total acumulado: 14160 | Restantes: 244
2026-06-30 17:37:09,774 [INFO] Página 591 → 24 peças | Total acumulado: 14184 | Restantes: 243
2026-06-30 17:37:10,099 [INFO] Página 592 → 24 peças | Total acumulado: 14208 | Restantes: 242
2026-06-30 17:37:10,359 [INFO] Página 593 → 24 peças | Total acumulado: 14232 | Restantes: 241
2026-06-30 17:37:10,678 [INFO] Página 594 → 24 peças | Total acumulado: 14256 | Restantes: 240
2026-06-30 17:37:10,950 [INFO] Página 595 → 24 peças | Total acumulado: 14280 | Restantes: 239
2026-06-30 17:37:11,163 [INFO] Página 596 → 24 peças | Total acumulado: 14304 | Restantes: 238
2026-06-30 17:37:11,452 [INFO] Página 597 → 24 peças | Total acumulado: 14328 | Restantes: 237
2026-06-30 17:37:11,702 [INFO] Página 598 → 24 peças | Total acumulado: 14352 | Restantes: 236
2026-06-30 17:37:11,983 [INFO] Página 599 → 24 peças | Total acumulado: 14376 | Restantes: 235
2026-06-30 17:37:12,241 [INFO] Página 600 → 24 peças | Total acumulado: 14400 | Restantes: 234
2026-06-30 17:37:12,479 [INFO] Página 601 → 24 peças | Total acumulado: 14424 | Restantes: 233
2026-06-30 17:37:12,766 [INFO] Página 602 → 24 peças | Total acumulado: 14448 | Restantes: 232
2026-06-30 17:37:12,941 [INFO] Página 603 → 24 peças | Total acumulado: 14472 | Restantes: 231
2026-06-30 17:37:13,286 [INFO] Página 604 → 24 peças | Total acumulado: 14496 | Restantes: 230
2026-06-30 17:37:13,575 [INFO] Página 605 → 24 peças | Total acumulado: 14520 | Restantes: 229
2026-06-30 17:37:13,785 [INFO] Página 606 → 24 peças | Total acumulado: 14544 | Restantes: 228
2026-06-30 17:37:14,073 [INFO] Página 607 → 24 peças | Total acumulado: 14568 | Restantes: 227
2026-06-30 17:37:14,473 [INFO] Página 608 → 24 peças | Total acumulado: 14592 | Restantes: 226
2026-06-30 17:37:14,740 [INFO] Página 609 → 24 peças | Total acumulado: 14616 | Restantes: 225
2026-06-30 17:37:15,017 [INFO] Página 610 → 24 peças | Total acumulado: 14640 | Restantes: 224
2026-06-30 17:37:15,283 [INFO] Página 611 → 24 peças | Total acumulado: 14664 | Restantes: 223
2026-06-30 17:37:15,633 [INFO] Página 612 → 24 peças | Total acumulado: 14688 | Restantes: 222
2026-06-30 17:37:15,852 [INFO] Página 613 → 24 peças | Total acumulado: 14712 | Restantes: 221
2026-06-30 17:37:16,165 [INFO] Página 614 → 24 peças | Total acumulado: 14736 | Restantes: 220
2026-06-30 17:37:16,428 [INFO] Página 615 → 24 peças | Total acumulado: 14760 | Restantes: 219
2026-06-30 17:37:16,691 [INFO] Página 616 → 24 peças | Total acumulado: 14784 | Restantes: 218
2026-06-30 17:37:16,966 [INFO] Página 617 → 24 peças | Total acumulado: 14808 | Restantes: 217
2026-06-30 17:37:17,222 [INFO] Página 618 → 24 peças | Total acumulado: 14832 | Restantes: 216
2026-06-30 17:37:17,498 [INFO] Página 619 → 24 peças | Total acumulado: 14856 | Restantes: 215
2026-06-30 17:37:17,757 [INFO] Página 620 → 24 peças | Total acumulado: 14880 | Restantes: 214
2026-06-30 17:37:17,988 [INFO] Página 621 → 24 peças | Total acumulado: 14904 | Restantes: 213
2026-06-30 17:37:18,284 [INFO] Página 622 → 24 peças | Total acumulado: 14928 | Restantes: 212
2026-06-30 17:37:18,466 [INFO] Página 623 → 24 peças | Total acumulado: 14952 | Restantes: 211
2026-06-30 17:37:18,776 [INFO] Página 624 → 24 peças | Total acumulado: 14976 | Restantes: 210
2026-06-30 17:37:19,025 [INFO] Página 625 → 24 peças | Total acumulado: 15000 | Restantes: 209
2026-06-30 17:37:19,241 [INFO] Página 626 → 24 peças | Total acumulado: 15024 | Restantes: 208
2026-06-30 17:37:19,562 [INFO] Página 627 → 24 peças | Total acumulado: 15048 | Restantes: 207
2026-06-30 17:37:19,852 [INFO] Página 628 → 24 peças | Total acumulado: 15072 | Restantes: 206
2026-06-30 17:37:20,165 [INFO] Página 629 → 24 peças | Total acumulado: 15096 | Restantes: 205
2026-06-30 17:37:20,600 [INFO] Página 630 → 24 peças | Total acumulado: 15120 | Restantes: 204
2026-06-30 17:37:20,863 [INFO] Página 631 → 24 peças | Total acumulado: 15144 | Restantes: 203
2026-06-30 17:37:21,148 [INFO] Página 632 → 24 peças | Total acumulado: 15168 | Restantes: 202
2026-06-30 17:37:21,343 [INFO] Página 633 → 24 peças | Total acumulado: 15192 | Restantes: 201
2026-06-30 17:37:21,641 [INFO] Página 634 → 24 peças | Total acumulado: 15216 | Restantes: 200
2026-06-30 17:37:21,913 [INFO] Página 635 → 24 peças | Total acumulado: 15240 | Restantes: 199
2026-06-30 17:37:22,136 [INFO] Página 636 → 24 peças | Total acumulado: 15264 | Restantes: 198
2026-06-30 17:37:22,421 [INFO] Página 637 → 24 peças | Total acumulado: 15288 | Restantes: 197
2026-06-30 17:37:22,694 [INFO] Página 638 → 24 peças | Total acumulado: 15312 | Restantes: 196
2026-06-30 17:37:22,957 [INFO] Página 639 → 24 peças | Total acumulado: 15336 | Restantes: 195
2026-06-30 17:37:23,243 [INFO] Página 640 → 24 peças | Total acumulado: 15360 | Restantes: 194
2026-06-30 17:37:23,470 [INFO] Página 641 → 24 peças | Total acumulado: 15384 | Restantes: 193
2026-06-30 17:37:23,757 [INFO] Página 642 → 24 peças | Total acumulado: 15408 | Restantes: 192
2026-06-30 17:37:23,934 [INFO] Página 643 → 24 peças | Total acumulado: 15432 | Restantes: 191
2026-06-30 17:37:24,250 [INFO] Página 644 → 24 peças | Total acumulado: 15456 | Restantes: 190
2026-06-30 17:37:24,510 [INFO] Página 645 → 24 peças | Total acumulado: 15480 | Restantes: 189
2026-06-30 17:37:24,736 [INFO] Página 646 → 24 peças | Total acumulado: 15504 | Restantes: 188
2026-06-30 17:37:25,019 [INFO] Página 647 → 24 peças | Total acumulado: 15528 | Restantes: 187
2026-06-30 17:37:25,303 [INFO] Página 648 → 24 peças | Total acumulado: 15552 | Restantes: 186
2026-06-30 17:37:25,687 [INFO] Página 649 → 24 peças | Total acumulado: 15576 | Restantes: 185
2026-06-30 17:37:26,016 [INFO] Página 650 → 24 peças | Total acumulado: 15600 | Restantes: 184
2026-06-30 17:37:26,309 [INFO] Página 651 → 24 peças | Total acumulado: 15624 | Restantes: 183
2026-06-30 17:37:26,612 [INFO] Página 652 → 24 peças | Total acumulado: 15648 | Restantes: 182
2026-06-30 17:37:26,805 [INFO] Página 653 → 24 peças | Total acumulado: 15672 | Restantes: 181
2026-06-30 17:37:27,132 [INFO] Página 654 → 24 peças | Total acumulado: 15696 | Restantes: 180
2026-06-30 17:37:27,380 [INFO] Página 655 → 24 peças | Total acumulado: 15720 | Restantes: 179
2026-06-30 17:37:27,599 [INFO] Página 656 → 24 peças | Total acumulado: 15744 | Restantes: 178
2026-06-30 17:37:27,931 [INFO] Página 657 → 24 peças | Total acumulado: 15768 | Restantes: 177
2026-06-30 17:37:28,227 [INFO] Página 658 → 24 peças | Total acumulado: 15792 | Restantes: 176
2026-06-30 17:37:28,545 [INFO] Página 659 → 24 peças | Total acumulado: 15816 | Restantes: 175
2026-06-30 17:37:28,868 [INFO] Página 660 → 24 peças | Total acumulado: 15840 | Restantes: 174
2026-06-30 17:37:29,117 [INFO] Página 661 → 24 peças | Total acumulado: 15864 | Restantes: 173
2026-06-30 17:37:29,393 [INFO] Página 662 → 24 peças | Total acumulado: 15888 | Restantes: 172
2026-06-30 17:37:29,610 [INFO] Página 663 → 24 peças | Total acumulado: 15912 | Restantes: 171
2026-06-30 17:37:30,049 [INFO] Página 664 → 24 peças | Total acumulado: 15936 | Restantes: 170
2026-06-30 17:37:30,466 [INFO] Página 665 → 24 peças | Total acumulado: 15960 | Restantes: 169
2026-06-30 17:37:30,909 [INFO] Página 666 → 24 peças | Total acumulado: 15984 | Restantes: 168
2026-06-30 17:37:31,252 [INFO] Página 667 → 24 peças | Total acumulado: 16008 | Restantes: 167
2026-06-30 17:37:31,681 [INFO] Página 668 → 24 peças | Total acumulado: 16032 | Restantes: 166
2026-06-30 17:37:32,035 [INFO] Página 669 → 24 peças | Total acumulado: 16056 | Restantes: 165
2026-06-30 17:37:32,315 [INFO] Página 670 → 24 peças | Total acumulado: 16080 | Restantes: 164
2026-06-30 17:37:32,577 [INFO] Página 671 → 24 peças | Total acumulado: 16104 | Restantes: 163
2026-06-30 17:37:32,913 [INFO] Página 672 → 24 peças | Total acumulado: 16128 | Restantes: 162
2026-06-30 17:37:33,103 [INFO] Página 673 → 24 peças | Total acumulado: 16152 | Restantes: 161
2026-06-30 17:37:33,426 [INFO] Página 674 → 24 peças | Total acumulado: 16176 | Restantes: 160
2026-06-30 17:37:33,709 [INFO] Página 675 → 24 peças | Total acumulado: 16200 | Restantes: 159
2026-06-30 17:37:33,989 [INFO] Página 676 → 24 peças | Total acumulado: 16224 | Restantes: 158
2026-06-30 17:37:34,306 [INFO] Página 677 → 24 peças | Total acumulado: 16248 | Restantes: 157
2026-06-30 17:37:34,635 [INFO] Página 678 → 24 peças | Total acumulado: 16272 | Restantes: 156
2026-06-30 17:37:34,963 [INFO] Página 679 → 24 peças | Total acumulado: 16296 | Restantes: 155
2026-06-30 17:37:35,337 [INFO] Página 680 → 24 peças | Total acumulado: 16320 | Restantes: 154
2026-06-30 17:37:35,710 [INFO] Página 681 → 24 peças | Total acumulado: 16344 | Restantes: 153
2026-06-30 17:37:36,041 [INFO] Página 682 → 24 peças | Total acumulado: 16368 | Restantes: 152
2026-06-30 17:37:36,303 [INFO] Página 683 → 24 peças | Total acumulado: 16392 | Restantes: 151
2026-06-30 17:37:36,682 [INFO] Página 684 → 24 peças | Total acumulado: 16416 | Restantes: 150
2026-06-30 17:37:36,958 [INFO] Página 685 → 24 peças | Total acumulado: 16440 | Restantes: 149
2026-06-30 17:37:37,217 [INFO] Página 686 → 24 peças | Total acumulado: 16464 | Restantes: 148
2026-06-30 17:37:37,567 [INFO] Página 687 → 24 peças | Total acumulado: 16488 | Restantes: 147
2026-06-30 17:37:37,878 [INFO] Página 688 → 24 peças | Total acumulado: 16512 | Restantes: 146
2026-06-30 17:37:38,172 [INFO] Página 689 → 24 peças | Total acumulado: 16536 | Restantes: 145
2026-06-30 17:37:38,466 [INFO] Página 690 → 24 peças | Total acumulado: 16560 | Restantes: 144
2026-06-30 17:37:38,760 [INFO] Página 691 → 24 peças | Total acumulado: 16584 | Restantes: 143
2026-06-30 17:37:39,141 [INFO] Página 692 → 24 peças | Total acumulado: 16608 | Restantes: 142
2026-06-30 17:37:39,383 [INFO] Página 693 → 24 peças | Total acumulado: 16632 | Restantes: 141
2026-06-30 17:37:39,782 [INFO] Página 694 → 24 peças | Total acumulado: 16656 | Restantes: 140
2026-06-30 17:37:40,121 [INFO] Página 695 → 24 peças | Total acumulado: 16680 | Restantes: 139
2026-06-30 17:37:40,487 [INFO] Página 696 → 24 peças | Total acumulado: 16704 | Restantes: 138
2026-06-30 17:37:40,933 [INFO] Página 697 → 24 peças | Total acumulado: 16728 | Restantes: 137
2026-06-30 17:37:41,321 [INFO] Página 698 → 24 peças | Total acumulado: 16752 | Restantes: 136
2026-06-30 17:37:41,654 [INFO] Página 699 → 24 peças | Total acumulado: 16776 | Restantes: 135
2026-06-30 17:37:41,931 [INFO] Página 700 → 24 peças | Total acumulado: 16800 | Restantes: 134
2026-06-30 17:37:42,223 [INFO] Página 701 → 24 peças | Total acumulado: 16824 | Restantes: 133
2026-06-30 17:37:42,544 [INFO] Página 702 → 24 peças | Total acumulado: 16848 | Restantes: 132
2026-06-30 17:37:42,806 [INFO] Página 703 → 24 peças | Total acumulado: 16872 | Restantes: 131
2026-06-30 17:37:43,140 [INFO] Página 704 → 24 peças | Total acumulado: 16896 | Restantes: 130
2026-06-30 17:37:43,372 [INFO] Página 705 → 24 peças | Total acumulado: 16920 | Restantes: 129
2026-06-30 17:37:43,632 [INFO] Página 706 → 24 peças | Total acumulado: 16944 | Restantes: 128
2026-06-30 17:37:43,945 [INFO] Página 707 → 24 peças | Total acumulado: 16968 | Restantes: 127
2026-06-30 17:37:44,235 [INFO] Página 708 → 24 peças | Total acumulado: 16992 | Restantes: 126
2026-06-30 17:37:44,501 [INFO] Página 709 → 24 peças | Total acumulado: 17016 | Restantes: 125
2026-06-30 17:37:44,769 [INFO] Página 710 → 24 peças | Total acumulado: 17040 | Restantes: 124
2026-06-30 17:37:45,004 [INFO] Página 711 → 24 peças | Total acumulado: 17064 | Restantes: 123
2026-06-30 17:37:45,254 [INFO] Página 712 → 24 peças | Total acumulado: 17088 | Restantes: 122
2026-06-30 17:37:45,419 [INFO] Página 713 → 24 peças | Total acumulado: 17112 | Restantes: 121
2026-06-30 17:37:45,768 [INFO] Página 714 → 24 peças | Total acumulado: 17136 | Restantes: 120
2026-06-30 17:37:46,108 [INFO] Página 715 → 24 peças | Total acumulado: 17160 | Restantes: 119
2026-06-30 17:37:46,411 [INFO] Página 716 → 24 peças | Total acumulado: 17184 | Restantes: 118
2026-06-30 17:37:46,765 [INFO] Página 717 → 24 peças | Total acumulado: 17208 | Restantes: 117
2026-06-30 17:37:47,089 [INFO] Página 718 → 24 peças | Total acumulado: 17232 | Restantes: 116
2026-06-30 17:37:47,403 [INFO] Página 719 → 24 peças | Total acumulado: 17256 | Restantes: 115
2026-06-30 17:37:47,678 [INFO] Página 720 → 24 peças | Total acumulado: 17280 | Restantes: 114
2026-06-30 17:37:47,945 [INFO] Página 721 → 24 peças | Total acumulado: 17304 | Restantes: 113
2026-06-30 17:37:48,255 [INFO] Página 722 → 24 peças | Total acumulado: 17328 | Restantes: 112
2026-06-30 17:37:48,451 [INFO] Página 723 → 24 peças | Total acumulado: 17352 | Restantes: 111
2026-06-30 17:37:48,766 [INFO] Página 724 → 24 peças | Total acumulado: 17376 | Restantes: 110
2026-06-30 17:37:49,031 [INFO] Página 725 → 24 peças | Total acumulado: 17400 | Restantes: 109
2026-06-30 17:37:49,256 [INFO] Página 726 → 24 peças | Total acumulado: 17424 | Restantes: 108
2026-06-30 17:37:49,590 [INFO] Página 727 → 24 peças | Total acumulado: 17448 | Restantes: 107
2026-06-30 17:37:49,865 [INFO] Página 728 → 24 peças | Total acumulado: 17472 | Restantes: 106
2026-06-30 17:37:50,183 [INFO] Página 729 → 24 peças | Total acumulado: 17496 | Restantes: 105
2026-06-30 17:37:50,506 [INFO] Página 730 → 24 peças | Total acumulado: 17520 | Restantes: 104
2026-06-30 17:37:50,754 [INFO] Página 731 → 24 peças | Total acumulado: 17544 | Restantes: 103
2026-06-30 17:37:51,080 [INFO] Página 732 → 24 peças | Total acumulado: 17568 | Restantes: 102
2026-06-30 17:37:51,274 [INFO] Página 733 → 24 peças | Total acumulado: 17592 | Restantes: 101
2026-06-30 17:37:51,608 [INFO] Página 734 → 24 peças | Total acumulado: 17616 | Restantes: 100
2026-06-30 17:37:51,902 [INFO] Página 735 → 24 peças | Total acumulado: 17640 | Restantes: 99
2026-06-30 17:37:52,117 [INFO] Página 736 → 24 peças | Total acumulado: 17664 | Restantes: 98
2026-06-30 17:37:52,494 [INFO] Página 737 → 24 peças | Total acumulado: 17688 | Restantes: 97
2026-06-30 17:37:52,823 [INFO] Página 738 → 24 peças | Total acumulado: 17712 | Restantes: 96
2026-06-30 17:37:53,158 [INFO] Página 739 → 24 peças | Total acumulado: 17736 | Restantes: 95
2026-06-30 17:37:53,482 [INFO] Página 740 → 24 peças | Total acumulado: 17760 | Restantes: 94
2026-06-30 17:37:53,725 [INFO] Página 741 → 24 peças | Total acumulado: 17784 | Restantes: 93
2026-06-30 17:37:54,015 [INFO] Página 742 → 24 peças | Total acumulado: 17808 | Restantes: 92
2026-06-30 17:37:54,177 [INFO] Página 743 → 24 peças | Total acumulado: 17832 | Restantes: 91
2026-06-30 17:37:54,563 [INFO] Página 744 → 24 peças | Total acumulado: 17856 | Restantes: 90
2026-06-30 17:37:54,826 [INFO] Página 745 → 24 peças | Total acumulado: 17880 | Restantes: 89
2026-06-30 17:37:55,025 [INFO] Página 746 → 24 peças | Total acumulado: 17904 | Restantes: 88
2026-06-30 17:37:55,435 [INFO] Página 747 → 24 peças | Total acumulado: 17928 | Restantes: 87
2026-06-30 17:37:55,763 [INFO] Página 748 → 24 peças | Total acumulado: 17952 | Restantes: 86
2026-06-30 17:37:56,170 [INFO] Página 749 → 24 peças | Total acumulado: 17976 | Restantes: 85
2026-06-30 17:37:56,561 [INFO] Página 750 → 24 peças | Total acumulado: 18000 | Restantes: 84
2026-06-30 17:37:56,861 [INFO] Página 751 → 24 peças | Total acumulado: 18024 | Restantes: 83
2026-06-30 17:37:57,168 [INFO] Página 752 → 24 peças | Total acumulado: 18048 | Restantes: 82
2026-06-30 17:37:57,407 [INFO] Página 753 → 24 peças | Total acumulado: 18072 | Restantes: 81
2026-06-30 17:37:57,791 [INFO] Página 754 → 24 peças | Total acumulado: 18096 | Restantes: 80
2026-06-30 17:37:58,161 [INFO] Página 755 → 24 peças | Total acumulado: 18120 | Restantes: 79
2026-06-30 17:37:58,398 [INFO] Página 756 → 24 peças | Total acumulado: 18144 | Restantes: 78
2026-06-30 17:37:58,759 [INFO] Página 757 → 24 peças | Total acumulado: 18168 | Restantes: 77
2026-06-30 17:37:59,046 [INFO] Página 758 → 24 peças | Total acumulado: 18192 | Restantes: 76
2026-06-30 17:37:59,349 [INFO] Página 759 → 24 peças | Total acumulado: 18216 | Restantes: 75
2026-06-30 17:37:59,662 [INFO] Página 760 → 24 peças | Total acumulado: 18240 | Restantes: 74
2026-06-30 17:37:59,966 [INFO] Página 761 → 24 peças | Total acumulado: 18264 | Restantes: 73
2026-06-30 17:38:00,278 [INFO] Página 762 → 24 peças | Total acumulado: 18288 | Restantes: 72
2026-06-30 17:38:00,640 [INFO] Página 763 → 24 peças | Total acumulado: 18312 | Restantes: 71
2026-06-30 17:38:01,485 [INFO] Página 764 → 24 peças | Total acumulado: 18336 | Restantes: 70
2026-06-30 17:38:02,021 [INFO] Página 765 → 24 peças | Total acumulado: 18360 | Restantes: 69
2026-06-30 17:38:02,568 [INFO] Página 766 → 24 peças | Total acumulado: 18384 | Restantes: 68
2026-06-30 17:38:03,030 [INFO] Página 767 → 24 peças | Total acumulado: 18408 | Restantes: 67
2026-06-30 17:38:03,366 [INFO] Página 768 → 24 peças | Total acumulado: 18432 | Restantes: 66
2026-06-30 17:38:03,834 [INFO] Página 769 → 24 peças | Total acumulado: 18456 | Restantes: 65
2026-06-30 17:38:04,228 [INFO] Página 770 → 24 peças | Total acumulado: 18480 | Restantes: 64
2026-06-30 17:38:04,492 [INFO] Página 771 → 24 peças | Total acumulado: 18504 | Restantes: 63
2026-06-30 17:38:04,814 [INFO] Página 772 → 24 peças | Total acumulado: 18528 | Restantes: 62
2026-06-30 17:38:05,094 [INFO] Página 773 → 24 peças | Total acumulado: 18552 | Restantes: 61
2026-06-30 17:38:05,475 [INFO] Página 774 → 24 peças | Total acumulado: 18576 | Restantes: 60
2026-06-30 17:38:05,847 [INFO] Página 775 → 24 peças | Total acumulado: 18600 | Restantes: 59
2026-06-30 17:38:06,367 [INFO] Página 776 → 24 peças | Total acumulado: 18624 | Restantes: 58
2026-06-30 17:38:06,934 [INFO] Página 777 → 24 peças | Total acumulado: 18648 | Restantes: 57
2026-06-30 17:38:07,406 [INFO] Página 778 → 24 peças | Total acumulado: 18672 | Restantes: 56
2026-06-30 17:38:07,770 [INFO] Página 779 → 24 peças | Total acumulado: 18696 | Restantes: 55
2026-06-30 17:38:08,368 [INFO] Página 780 → 24 peças | Total acumulado: 18720 | Restantes: 54
2026-06-30 17:38:08,938 [INFO] Página 781 → 24 peças | Total acumulado: 18744 | Restantes: 53
2026-06-30 17:38:09,362 [INFO] Página 782 → 24 peças | Total acumulado: 18768 | Restantes: 52
2026-06-30 17:38:09,690 [INFO] Página 783 → 24 peças | Total acumulado: 18792 | Restantes: 51
2026-06-30 17:38:10,039 [INFO] Página 784 → 24 peças | Total acumulado: 18816 | Restantes: 50
2026-06-30 17:38:10,286 [INFO] Página 785 → 24 peças | Total acumulado: 18840 | Restantes: 49
2026-06-30 17:38:10,531 [INFO] Página 786 → 24 peças | Total acumulado: 18864 | Restantes: 48
2026-06-30 17:38:10,893 [INFO] Página 787 → 24 peças | Total acumulado: 18888 | Restantes: 47
2026-06-30 17:38:11,189 [INFO] Página 788 → 24 peças | Total acumulado: 18912 | Restantes: 46
2026-06-30 17:38:11,625 [INFO] Página 789 → 24 peças | Total acumulado: 18936 | Restantes: 45
2026-06-30 17:38:11,950 [INFO] Página 790 → 24 peças | Total acumulado: 18960 | Restantes: 44
2026-06-30 17:38:12,203 [INFO] Página 791 → 24 peças | Total acumulado: 18984 | Restantes: 43
2026-06-30 17:38:12,499 [INFO] Página 792 → 24 peças | Total acumulado: 19008 | Restantes: 42
2026-06-30 17:38:12,686 [INFO] Página 793 → 24 peças | Total acumulado: 19032 | Restantes: 41
2026-06-30 17:38:13,056 [INFO] Página 794 → 24 peças | Total acumulado: 19056 | Restantes: 40
2026-06-30 17:38:13,343 [INFO] Página 795 → 24 peças | Total acumulado: 19080 | Restantes: 39
2026-06-30 17:38:13,663 [INFO] Página 796 → 24 peças | Total acumulado: 19104 | Restantes: 38
2026-06-30 17:38:13,987 [INFO] Página 797 → 24 peças | Total acumulado: 19128 | Restantes: 37
2026-06-30 17:38:14,271 [INFO] Página 798 → 24 peças | Total acumulado: 19152 | Restantes: 36
2026-06-30 17:38:14,556 [INFO] Página 799 → 24 peças | Total acumulado: 19176 | Restantes: 35
2026-06-30 17:38:14,818 [INFO] Página 800 → 24 peças | Total acumulado: 19200 | Restantes: 34
2026-06-30 17:38:15,053 [INFO] Página 801 → 24 peças | Total acumulado: 19224 | Restantes: 33
2026-06-30 17:38:15,346 [INFO] Página 802 → 24 peças | Total acumulado: 19248 | Restantes: 32
2026-06-30 17:38:15,498 [INFO] Página 803 → 24 peças | Total acumulado: 19272 | Restantes: 31
2026-06-30 17:38:15,804 [INFO] Página 804 → 24 peças | Total acumulado: 19296 | Restantes: 30
2026-06-30 17:38:16,051 [INFO] Página 805 → 24 peças | Total acumulado: 19320 | Restantes: 29
2026-06-30 17:38:16,262 [INFO] Página 806 → 24 peças | Total acumulado: 19344 | Restantes: 28
2026-06-30 17:38:16,612 [INFO] Página 807 → 24 peças | Total acumulado: 19368 | Restantes: 27
2026-06-30 17:38:16,885 [INFO] Página 808 → 24 peças | Total acumulado: 19392 | Restantes: 26
2026-06-30 17:38:17,200 [INFO] Página 809 → 24 peças | Total acumulado: 19416 | Restantes: 25
2026-06-30 17:38:17,504 [INFO] Página 810 → 24 peças | Total acumulado: 19440 | Restantes: 24
2026-06-30 17:38:17,740 [INFO] Página 811 → 24 peças | Total acumulado: 19464 | Restantes: 23
2026-06-30 17:38:18,070 [INFO] Página 812 → 24 peças | Total acumulado: 19488 | Restantes: 22
2026-06-30 17:38:18,267 [INFO] Página 813 → 24 peças | Total acumulado: 19512 | Restantes: 21
2026-06-30 17:38:18,600 [INFO] Página 814 → 24 peças | Total acumulado: 19536 | Restantes: 20
2026-06-30 17:38:18,858 [INFO] Página 815 → 24 peças | Total acumulado: 19560 | Restantes: 19
2026-06-30 17:38:19,077 [INFO] Página 816 → 24 peças | Total acumulado: 19584 | Restantes: 18
2026-06-30 17:38:19,367 [INFO] Página 817 → 24 peças | Total acumulado: 19608 | Restantes: 17
2026-06-30 17:38:19,654 [INFO] Página 818 → 24 peças | Total acumulado: 19632 | Restantes: 16
2026-06-30 17:38:19,911 [INFO] Página 819 → 24 peças | Total acumulado: 19656 | Restantes: 15
2026-06-30 17:38:20,174 [INFO] Página 820 → 24 peças | Total acumulado: 19680 | Restantes: 14
2026-06-30 17:38:20,428 [INFO] Página 821 → 24 peças | Total acumulado: 19704 | Restantes: 13
2026-06-30 17:38:20,706 [INFO] Página 822 → 24 peças | Total acumulado: 19728 | Restantes: 12
2026-06-30 17:38:20,863 [INFO] Página 823 → 24 peças | Total acumulado: 19752 | Restantes: 11
2026-06-30 17:38:21,166 [INFO] Página 824 → 24 peças | Total acumulado: 19776 | Restantes: 10
2026-06-30 17:38:21,405 [INFO] Página 825 → 24 peças | Total acumulado: 19800 | Restantes: 9
2026-06-30 17:38:21,642 [INFO] Página 826 → 24 peças | Total acumulado: 19824 | Restantes: 8
2026-06-30 17:38:22,052 [INFO] Página 827 → 24 peças | Total acumulado: 19848 | Restantes: 7
2026-06-30 17:38:22,329 [INFO] Página 828 → 24 peças | Total acumulado: 19872 | Restantes: 6
2026-06-30 17:38:22,684 [INFO] Página 829 → 24 peças | Total acumulado: 19896 | Restantes: 5
2026-06-30 17:38:22,989 [INFO] Página 830 → 24 peças | Total acumulado: 19920 | Restantes: 4
2026-06-30 17:38:23,273 [INFO] Página 831 → 24 peças | Total acumulado: 19944 | Restantes: 3
2026-06-30 17:38:23,645 [INFO] Página 832 → 24 peças | Total acumulado: 19968 | Restantes: 2
2026-06-30 17:38:23,914 [INFO] Página 833 → 24 peças | Total acumulado: 19992 | Restantes: 1
2026-06-30 17:38:24,044 [INFO] Página 834 → 8 peças | Total acumulado: 20000 | Restantes: 0
2026-06-30 17:38:24,045 [INFO] Coleta concluída: 20000 peças
2026-06-30 17:38:24,068 [INFO] Salvando dados brutos...
2026-06-30 17:38:25,285 [INFO] Transformando dados...
2026-06-30 17:40:35,608 [INFO] === INICIANDO PIPELINE ETL ===
2026-06-30 17:40:35,608 [INFO] Arquivo RAW encontrado. Pulando scraping...
2026-06-30 17:40:35,867 [INFO] Transformando dados...
2026-06-30 17:40:36,126 [INFO] Tratamento concluído: 20000 peças únicas
2026-06-30 17:40:36,126 [INFO] Salvando CSV tratado...
2026-06-30 17:40:36,317 [INFO] Realizando ingestão no SQLite...
2026-06-30 17:40:39,139 [INFO] Ingestão concluída | Inseridos: 20000 | Ignorados: 0
2026-06-30 17:40:39,141 [INFO] === PIPELINE FINALIZADO ===
